Target_RNA_ID	Target_RNA_name	AA	AG	AC	AU	GA	GG	GC	GU	CA	CG	CC	CU	UA	UG	UC	UU
Target_4	RNA_APTAMER_CB_42	0.06818	0.06061	0.06061	0.0303	0.05303	0.05303	0.09091	0.01515	0.06061	0.03788	0.08333	0.08333	0.03788	0.05303	0.0303	0.06818
Target_5	RNA_APTAMER_B4_25	0.07634	0.0458	0.07634	0.05344	0.07634	0.06107	0.08397	0.01527	0.06107	0.09924	0.09924	0.03053	0.03817	0.0229	0.03053	0.03053
Target_6	RNA_Aptamer	0.08333	0.05556	0.02778	0.0	0.08333	0.13889	0.11111	0.0	0.0	0.08333	0.05556	0.08333	0.0	0.02778	0.05556	0.05556
Target_26	35 nucleotide RNA	0.02857	0.08571	0.05714	0.05714	0.08571	0.11429	0.11429	0.05714	0.05714	0.08571	0.02857	0.02857	0.05714	0.05714	0.02857	0.02857
Target_29	Riboflavin binding RNA aptamer	0.03448	0.13793	0.03448	0.03448	0.2069	0.17241	0.0	0.06897	0.0	0.06897	0.03448	0.0	0.0	0.03448	0.06897	0.03448
Target_30	NMN binding RNA aptamer	0.08163	0.04082	0.10204	0.02041	0.06122	0.12245	0.04082	0.04082	0.06122	0.06122	0.08163	0.04082	0.04082	0.02041	0.04082	0.04082
Target_31	cyanocobalamin 35 nt RNA aptamer	0.06452	0.06452	0.06452	0.03226	0.03226	0.03226	0.12903	0.06452	0.12903	0.09677	0.06452	0.03226	0.03226	0.06452	0.03226	0.0
Target_32	TCT8-4 RNA Aptamer	0.02381	0.07143	0.04762	0.07143	0.04762	0.02381	0.09524	0.04762	0.11905	0.02381	0.04762	0.07143	0.02381	0.09524	0.07143	0.07143
Target_120	RNA hairpin loop	0.0	0.0	0.0	0.0	0.0	0.0	0.28571	0.14286	0.0	0.35714	0.0	0.0	0.0	0.14286	0.0	0.0
Target_33	Biotin aptamer	0.03636	0.05455	0.07273	0.08182	0.07273	0.08182	0.05455	0.02727	0.09091	0.04545	0.06364	0.06364	0.04545	0.05455	0.07273	0.04545
Target_121	Bulge_A_RNA	0.04348	0.08696	0.04348	0.0	0.13043	0.04348	0.0	0.08696	0.0	0.08696	0.04348	0.04348	0.0	0.0	0.13043	0.08696
Target_34	FMN aptamer	0.02857	0.08571	0.05714	0.05714	0.08571	0.11429	0.11429	0.05714	0.05714	0.08571	0.02857	0.02857	0.05714	0.05714	0.02857	0.02857
Target_39	Tetracycline in vitro aptamer	0.07143	0.07143	0.08571	0.05714	0.08571	0.05714	0.07143	0.01429	0.05714	0.05714	0.07143	0.07143	0.07143	0.02857	0.04286	0.01429
Target_40	ss_PolyA	0.5	0.0	0.0	0.0	0.0	0.0	0.0	0.0	0.0	0.0	0.0	0.0	0.0	0.0	0.0	0.0
Target_79	T-box riboswitch	0.03448	0.03448	0.03448	0.0	0.06897	0.10345	0.10345	0.06897	0.0	0.13793	0.06897	0.06897	0.0	0.03448	0.10345	0.03448
Target_123	RNA XIII	0.0	0.03448	0.06897	0.03448	0.06897	0.03448	0.06897	0.13793	0.06897	0.13793	0.03448	0.0	0.0	0.06897	0.10345	0.06897
Target_124	RNA XIV	0.0	0.03571	0.07143	0.03571	0.07143	0.03571	0.07143	0.14286	0.07143	0.14286	0.03571	0.0	0.0	0.07143	0.10714	0.03571
Target_125	RNA XV	0.0	0.0	0.07407	0.07407	0.07407	0.03704	0.07407	0.11111	0.07407	0.14815	0.03704	0.0	0.0	0.07407	0.11111	0.03704
Target_126	RNA XVII	0.0	0.03333	0.06667	0.03333	0.06667	0.03333	0.06667	0.13333	0.06667	0.13333	0.03333	0.0	0.0	0.06667	0.1	0.1
Target_112	T box antiterminator RNA	0.03448	0.03448	0.03448	0.0	0.06897	0.10345	0.10345	0.06897	0.0	0.13793	0.06897	0.06897	0.0	0.03448	0.10345	0.03448
Target_127	SLI of Rep A	0.11765	0.02941	0.05882	0.05882	0.08824	0.05882	0.05882	0.0	0.02941	0.08824	0.02941	0.05882	0.0	0.02941	0.05882	0.08824
Target_63	Thymidylate synthase m-RNA	0.0	0.0	0.0	0.0303	0.0	0.09091	0.15152	0.06061	0.0303	0.15152	0.21212	0.0303	0.0	0.09091	0.0303	0.0
Target_64	Bcr-Abl m-RNA	0.09756	0.12195	0.02439	0.04878	0.07317	0.07317	0.09756	0.02439	0.09756	0.02439	0.07317	0.04878	0.04878	0.02439	0.04878	0.02439
Target_65	PAX3-FKHR m-RNA	0.075	0.175	0.0	0.025	0.05	0.05	0.1	0.05	0.1	0.025	0.05	0.025	0.05	0.0	0.05	0.075
Target_56	RNA aptamer_1	0.03175	0.07937	0.03175	0.01587	0.09524	0.07937	0.09524	0.04762	0.0	0.09524	0.01587	0.09524	0.03175	0.04762	0.07937	0.07937
Target_57	RNA aptamer_2	0.01587	0.07937	0.04762	0.01587	0.09524	0.07937	0.09524	0.04762	0.0	0.09524	0.01587	0.09524	0.04762	0.04762	0.06349	0.07937
Target_58	RNA aptamer_3	0.03125	0.07812	0.03125	0.0	0.07812	0.07812	0.10938	0.04688	0.01562	0.09375	0.01562	0.10938	0.01562	0.04688	0.09375	0.0625
Target_59	RNA aptamer_4	0.01667	0.08333	0.03333	0.0	0.08333	0.08333	0.1	0.06667	0.0	0.1	0.01667	0.1	0.03333	0.05	0.08333	0.06667
Target_113	T-box RNA	0.03448	0.03448	0.03448	0.0	0.06897	0.10345	0.10345	0.06897	0.0	0.13793	0.06897	0.06897	0.0	0.03448	0.10345	0.03448
Target_114	T-box C11U	0.03448	0.03448	0.0	0.03448	0.06897	0.10345	0.10345	0.06897	0.0	0.13793	0.03448	0.06897	0.0	0.03448	0.13793	0.03448
Target_132	fIIRE	0.07143	0.03571	0.07143	0.0	0.07143	0.07143	0.07143	0.03571	0.07143	0.03571	0.03571	0.10714	0.0	0.10714	0.07143	0.10714
Target_133	TfR_IRE	0.03226	0.06452	0.06452	0.06452	0.03226	0.03226	0.03226	0.12903	0.06452	0.03226	0.03226	0.06452	0.06452	0.09677	0.06452	0.06452
Target_134	TfR_IRE_C24U	0.03226	0.06452	0.06452	0.06452	0.03226	0.03226	0.03226	0.12903	0.06452	0.03226	0.03226	0.06452	0.06452	0.09677	0.06452	0.06452
Target_135	Yohimbine_XII_RNA	0.03846	0.0	0.03846	0.03846	0.03846	0.11538	0.07692	0.03846	0.0	0.07692	0.15385	0.0	0.03846	0.03846	0.0	0.03846
Target_136	RNA_XIX	0.0	0.0	0.0	0.0	0.0	0.0	0.28571	0.14286	0.0	0.35714	0.0	0.0	0.0	0.14286	0.0	0.0
Target_137	RNA_XX	0.0	0.125	0.0	0.0	0.0	0.0	0.25	0.125	0.0625	0.25	0.0	0.0	0.0625	0.0625	0.0	0.0
Target_138	RNA_XXI	0.0	0.17647	0.0	0.0	0.0	0.0	0.23529	0.11765	0.05882	0.23529	0.0	0.0	0.11765	0.0	0.0	0.0
Target_139	RNA_XXII	0.0	0.16667	0.0	0.0	0.0	0.0	0.22222	0.11111	0.11111	0.22222	0.0	0.0	0.05556	0.0	0.05556	0.0
Target_141	GNRA tetraloop construct XVIII	0.0625	0.0625	0.0	0.0625	0.0625	0.125	0.125	0.0	0.0	0.0625	0.0625	0.0625	0.0625	0.0	0.0	0.0625
Target_142	Spiegelmer L-A42d RNA (58 mer)	0.03448	0.05172	0.05172	0.06897	0.03448	0.03448	0.05172	0.08621	0.03448	0.12069	0.05172	0.03448	0.10345	0.01724	0.06897	0.08621
Target_60	T alpha aptamer	0.0303	0.09091	0.06061	0.0303	0.06061	0.09091	0.12121	0.0303	0.09091	0.0303	0.12121	0.0303	0.0303	0.06061	0.0	0.0303
Target_61	B alpha aptamer	0.06061	0.09091	0.09091	0.0	0.09091	0.09091	0.0	0.09091	0.06061	0.06061	0.06061	0.06061	0.0303	0.0	0.09091	0.0303
Target_144	RNA B	0.0	0.04545	0.0	0.0	0.0	0.09091	0.22727	0.0	0.04545	0.09091	0.13636	0.13636	0.0	0.13636	0.0	0.0
Target_145	RNA C	0.0	0.05	0.0	0.0	0.0	0.05	0.3	0.0	0.05	0.2	0.1	0.1	0.0	0.1	0.0	0.0
Target_147	Antiterminator model RNA AM1A	0.03448	0.03448	0.03448	0.0	0.06897	0.10345	0.10345	0.06897	0.0	0.13793	0.06897	0.06897	0.0	0.03448	0.10345	0.03448
Target_149	Double stranded RNA seq	0.04167	0.08333	0.04167	0.125	0.08333	0.08333	0.0	0.04167	0.04167	0.0	0.08333	0.08333	0.08333	0.04167	0.08333	0.04167
Target_150	single stranded RNA seq	0.0	0.0	0.08333	0.08333	0.0	0.0	0.0	0.0	0.08333	0.0	0.16667	0.16667	0.08333	0.0	0.16667	0.08333
Target_151	RNA seq A	0.0	0.0	0.0	0.0	0.0	0.05556	0.27778	0.0	0.0	0.11111	0.05556	0.22222	0.0	0.22222	0.0	0.0
Target_152	RNA seq A (20 x t-RNA)	0.0	0.0	0.0	0.0	0.0	0.05556	0.27778	0.0	0.0	0.11111	0.05556	0.22222	0.0	0.22222	0.0	0.0
Target_153	RNA seq B	0.0	0.0	0.0	0.0	0.0	0.14286	0.2381	0.0	0.0	0.0	0.0	0.2381	0.0	0.2381	0.0	0.0
Target_154	RNA seq C	0.05556	0.0	0.05556	0.0	0.0	0.11111	0.16667	0.0	0.05556	0.11111	0.11111	0.11111	0.0	0.11111	0.0	0.0
Target_155	RNA seq D	0.0	0.0	0.0	0.0	0.0	0.0	0.35714	0.0	0.0	0.28571	0.0	0.14286	0.0	0.14286	0.0	0.0
Target_156	RNA seq E	0.05556	0.11111	0.05556	0.0	0.0	0.11111	0.16667	0.0	0.16667	0.0	0.05556	0.11111	0.0	0.11111	0.0	0.0
Target_157	RNA seq F	0.09091	0.09091	0.04545	0.0	0.04545	0.13636	0.09091	0.0	0.09091	0.0	0.13636	0.04545	0.0	0.0	0.04545	0.04545
Target_158	RpoH σ32mRNA factor	0.04865	0.05405	0.03784	0.07027	0.06486	0.05946	0.11892	0.04865	0.04865	0.07027	0.02703	0.05405	0.04324	0.10811	0.02162	0.06486
Target_2	RNA duplex	0.25	0.0	0.0	0.01471	0.0	0.0	0.0	0.0	0.0	0.0	0.0	0.0	0.0	0.0	0.0	0.25
Target_196	A10-RNA-WT QGRS in ADAM10 mRNA	0.0	0.1	0.03333	0.0	0.06667	0.3	0.03333	0.06667	0.0	0.06667	0.0	0.0	0.06667	0.03333	0.0	0.0
Target_197	A10-RNA-WT QGRS in ADAM10 mRNA Mutant	0.0	0.1	0.03333	0.0	0.06667	0.3	0.03333	0.06667	0.0	0.06667	0.0	0.0	0.06667	0.03333	0.0	0.0
Target_198	DDPAC MAPT A Bulge	0.0	0.08	0.08	0.04	0.04	0.04	0.04	0.16	0.08	0.04	0.04	0.04	0.08	0.08	0.08	0.04
Target_199	DDPAC + I17T Mutant	0.0	0.08	0.08	0.04	0.04	0.04	0.04	0.16	0.08	0.04	0.04	0.04	0.08	0.08	0.08	0.04
Target_200	MAPT A WT	0.0	0.08	0.08	0.04	0.04	0.04	0.04	0.16	0.08	0.04	0.04	0.04	0.08	0.08	0.08	0.04
Target_207	Fully Paired RNA	0.10909	0.09091	0.01818	0.05455	0.09091	0.07273	0.03636	0.07273	0.01818	0.09091	0.01818	0.01818	0.05455	0.01818	0.07273	0.05455
Target_208	1 X 1 UU Hairpin	0.05556	0.0	0.05556	0.0	0.05556	0.05556	0.22222	0.0	0.0	0.22222	0.0	0.11111	0.0	0.11111	0.0	0.0
Target_209	AU stem	0.05556	0.05556	0.05556	0.0	0.05556	0.05556	0.22222	0.0	0.05556	0.22222	0.0	0.05556	0.0	0.05556	0.0	0.0
Target_211	GC Stem Loop	0.05	0.05	0.0	0.0	0.05	0.0	0.4	0.0	0.0	0.35	0.0	0.0	0.0	0.0	0.0	0.0
Target_212	AT Hairpin DNA	0.07143	0.0	0.0	0.07143	0.07143	0.0	0.14286	0.03571	0.0	0.28571	0.0	0.0	0.0	0.0	0.10714	0.14286
Target_223	G_U/CUA Bulge in miR-18a	0.05128	0.10256	0.02564	0.07692	0.12821	0.10256	0.02564	0.05128	0.02564	0.05128	0.02564	0.02564	0.05128	0.05128	0.05128	0.02564
Target_224	GAU/CUA Stem Mutant	0.05	0.125	0.025	0.075	0.125	0.1	0.025	0.05	0.025	0.05	0.025	0.025	0.075	0.025	0.05	0.025
Target_225	GAU/A_C Bulge in miR-18a	0.05128	0.12821	0.05128	0.05128	0.12821	0.10256	0.02564	0.05128	0.02564	0.05128	0.02564	0.02564	0.07692	0.02564	0.02564	0.02564
Target_226	GGU/A_C Bulge Mutant	0.05128	0.12821	0.05128	0.02564	0.10256	0.12821	0.02564	0.07692	0.02564	0.05128	0.02564	0.02564	0.07692	0.02564	0.02564	0.02564
Target_232	G4C2 repeat G-quadruplex RNA	0.0	0.0	0.0	0.0	0.0	0.33333	0.16667	0.0	0.0	0.16204	0.16667	0.0	0.0	0.0	0.0	0.0
Target_235	5′CAG/3′GAC x 2 repeat RNA	0.06667	0.13333	0.04444	0.06667	0.11111	0.08889	0.02222	0.06667	0.06667	0.04444	0.02222	0.0	0.06667	0.02222	0.04444	0.04444
Target_236	5′CAG/3′GAC x 3 repeat RNA	0.06667	0.13333	0.04444	0.06667	0.11111	0.08889	0.02222	0.06667	0.06667	0.04444	0.02222	0.0	0.06667	0.02222	0.04444	0.04444
Target_237	5′CAG/3′GAC x 4 repeat RNA	0.06667	0.13333	0.04444	0.06667	0.11111	0.08889	0.02222	0.06667	0.06667	0.04444	0.02222	0.0	0.06667	0.02222	0.04444	0.04444
Target_238	5′CAG/3′GAC x 5 repeat RNA	0.06667	0.13333	0.04444	0.06667	0.11111	0.08889	0.02222	0.06667	0.06667	0.04444	0.02222	0.0	0.06667	0.02222	0.04444	0.04444
Target_234	5'CAG/3'GUC x 6 repeat RNA	0.06667	0.13333	0.02222	0.06667	0.08889	0.08889	0.02222	0.08889	0.06667	0.04444	0.02222	0.0	0.06667	0.02222	0.06667	0.04444
Target_239	5′CAG/3′GAC x 33 repeat RNA	0.06667	0.13333	0.04444	0.06667	0.11111	0.08889	0.02222	0.06667	0.06667	0.04444	0.02222	0.0	0.06667	0.02222	0.04444	0.04444
Target_240	5′CAG/3′GAC internal loop	0.06667	0.13333	0.04444	0.06667	0.11111	0.08889	0.02222	0.06667	0.06667	0.04444	0.02222	0.0	0.06667	0.02222	0.04444	0.04444
Target_241	5'CAG/3'GUC internal loop	0.06667	0.13333	0.02222	0.06667	0.08889	0.08889	0.02222	0.08889	0.06667	0.04444	0.02222	0.0	0.06667	0.02222	0.06667	0.04444
Target_242	KRAS RNA G-quadruplex utr-1	0.0	0.06667	0.0	0.0	0.06667	0.26667	0.26667	0.0	0.06667	0.2	0.0	0.0	0.0	0.0	0.0	0.0
Target_243	KRAS RNA G-quadruplex utr-z	0.0	0.05	0.0	0.0	0.0	0.3	0.25	0.05	0.05	0.2	0.0	0.0	0.0	0.05	0.0	0.0
Target_244	KRAS RNA G-quadruplex utr-4	0.0	0.14286	0.0	0.0	0.0	0.19048	0.2381	0.04762	0.14286	0.14286	0.0	0.0	0.0	0.04762	0.0	0.0
Target_245	RNA Hairpin	0.0	0.05556	0.0	0.0	0.0	0.16667	0.22222	0.05556	0.05556	0.22222	0.11111	0.0	0.0	0.05556	0.0	0.0
Target_248	Oligo-4, an AGGAAG-containing RNA 15-mer	0.13333	0.2	0.0	0.0	0.13333	0.13333	0.06667	0.06667	0.0	0.0	0.0	0.06667	0.0	0.06667	0.06667	0.0
Target_249	Oligo-7, an AAGGAG-containing RNA 15-mer	0.2	0.2	0.0	0.06667	0.06667	0.06667	0.0	0.13333	0.0	0.0	0.0	0.0	0.13333	0.0	0.0	0.06667
Target_250	Oligo-1, a pyrimidine-rich RNA 15-mer	0.0	0.0	0.0	0.06667	0.0	0.0	0.0	0.0	0.0	0.0	0.13333	0.13333	0.06667	0.0	0.13333	0.26667
Target_251	Oligo-2, an RNA 15-mer	0.13333	0.06667	0.06667	0.06667	0.06667	0.06667	0.0	0.06667	0.06667	0.0	0.0	0.0	0.06667	0.0	0.0	0.13333
Target_252	Oligo-3, a purine-rich RNA 15-mer	0.33333	0.13333	0.0	0.06667	0.06667	0.0	0.0	0.0	0.06667	0.0	0.0	0.0	0.0	0.0	0.06667	0.0
Target_253	Oligo-5, an RNA 15-mer	0.0	0.0	0.06667	0.06667	0.0	0.0	0.06667	0.0	0.13333	0.0	0.06667	0.13333	0.06667	0.06667	0.13333	0.13333
Target_254	Oligo-6, an RNA 15-mer	0.13333	0.13333	0.0	0.06667	0.06667	0.06667	0.0	0.0	0.0	0.0	0.06667	0.06667	0.13333	0.0	0.0	0.13333
Target_256	Telomeric DNA G-quadruplex (HTG22)	0.0	0.1	0.0	0.0	0.0	0.2	0.0	0.2	0.0	0.0	0.0	0.0	0.1	0.0	0.0	0.1
Target_255	TERRA G-quadruplex (TERRA22)	0.0	0.18182	0.0	0.0	0.0	0.18182	0.0	0.13636	0.0	0.0	0.0	0.0	0.13636	0.0	0.0	0.13636
Target_258	BCL2 RNA G-quadruplex	0.0	0.07692	0.0	0.0	0.03846	0.26923	0.07692	0.07692	0.0	0.03846	0.03846	0.03846	0.0	0.11538	0.0	0.0
Target_259	NRAS RNA G-quadruplex	0.0	0.04762	0.0	0.0	0.04762	0.2381	0.04762	0.09524	0.0	0.04762	0.0	0.04762	0.0	0.14286	0.04762	0.0
Target_260	Pu22 DNA G-quadruplex	0.04545	0.09091	0.0	0.0	0.04545	0.18182	0.0	0.18182	0.0	0.0	0.0	0.0	0.09091	0.13636	0.0	0.0
Target_261	TRF2:Telomeric duplex DNA (hTELO-dup)	0.0	0.1	0.0	0.0	0.0	0.2	0.0	0.2	0.0	0.0	0.0	0.0	0.1	0.0	0.0	0.1
Target_262	TRF2:TERRA G-quadruplex (TERRA22):Telomeric duplex DNA (hTELO-dup)	0.0	0.1	0.0	0.0	0.0	0.2	0.0	0.2	0.0	0.0	0.0	0.0	0.1	0.0	0.0	0.1
Target_284	SMN2 pre-mRNA GA-rich sequence	0.15217	0.13043	0.02174	0.04348	0.06522	0.04348	0.04348	0.06522	0.04348	0.0	0.02174	0.06522	0.06522	0.04348	0.06522	0.06522
Target_285	Seq20	0.07692	0.07692	0.03846	0.0	0.11538	0.07692	0.0	0.03846	0.03846	0.03846	0.07692	0.07692	0.0	0.03846	0.11538	0.11538
Target_286	Seq21	0.07407	0.11111	0.03704	0.0	0.14815	0.11111	0.14815	0.03704	0.0	0.14815	0.03704	0.03704	0.0	0.03704	0.03704	0.0
Target_287	Seq22	0.06897	0.10345	0.03448	0.0	0.06897	0.10345	0.10345	0.10345	0.06897	0.03448	0.03448	0.06897	0.0	0.10345	0.03448	0.03448
Target_288	Seq23	0.05405	0.10811	0.02703	0.0	0.08108	0.10811	0.18919	0.02703	0.05405	0.10811	0.02703	0.05405	0.0	0.05405	0.02703	0.02703
Target_307	J6f1 RNA	0.0	0.125	0.05	0.025	0.05	0.05	0.125	0.075	0.025	0.05	0.025	0.1	0.125	0.05	0.025	0.05
Target_308	J6fd6 RNA	0.0	0.125	0.05	0.025	0.025	0.05	0.125	0.075	0.025	0.025	0.025	0.125	0.15	0.05	0.025	0.05
Target_309	J6f15 RNA	0.0	0.1	0.05	0.025	0.05	0.075	0.125	0.075	0.025	0.05	0.025	0.1	0.1	0.075	0.025	0.05
Target_310	J6f16 RNA	0.025	0.1	0.075	0.025	0.05	0.05	0.1	0.075	0.025	0.05	0.025	0.1	0.125	0.05	0.025	0.05
Target_311	J6f17 RNA	0.0	0.125	0.05	0.025	0.05	0.05	0.1	0.1	0.025	0.05	0.025	0.075	0.125	0.05	0.025	0.075
Target_334	(5'CAG/3'GGC) x 1	0.06383	0.10638	0.04255	0.06383	0.10638	0.10638	0.02128	0.06383	0.04255	0.06383	0.02128	0.0	0.06383	0.02128	0.04255	0.06383
Target_335	(5'CCG/3'GAC) x 1	0.06383	0.10638	0.04255	0.06383	0.10638	0.08511	0.02128	0.06383	0.04255	0.06383	0.04255	0.0	0.06383	0.02128	0.04255	0.06383
Target_336	(5'CGG/3'GAC) x 1	0.06383	0.10638	0.04255	0.06383	0.10638	0.10638	0.02128	0.06383	0.04255	0.06383	0.02128	0.0	0.06383	0.02128	0.04255	0.06383
Target_337	(5'CCG/3'GUC) x 1	0.06383	0.08511	0.04255	0.06383	0.10638	0.08511	0.02128	0.06383	0.02128	0.06383	0.04255	0.02128	0.06383	0.04255	0.04255	0.06383
Target_338	(5'CAG/3'GCC) x 1	0.06383	0.10638	0.04255	0.06383	0.10638	0.08511	0.02128	0.06383	0.04255	0.06383	0.04255	0.0	0.06383	0.02128	0.04255	0.06383
Target_339	(5'CUG/3'GCC) x 1	0.06383	0.08511	0.04255	0.06383	0.10638	0.08511	0.02128	0.06383	0.02128	0.06383	0.04255	0.02128	0.06383	0.04255	0.04255	0.06383
Target_340	(5'CGG/3'GCC) x 1	0.06383	0.08511	0.04255	0.06383	0.10638	0.12766	0.02128	0.06383	0.02128	0.08511	0.02128	0.0	0.06383	0.02128	0.04255	0.06383
Target_341	(5'CAG/3'GAC) x 1	0.06383	0.12766	0.04255	0.06383	0.10638	0.08511	0.02128	0.06383	0.06383	0.04255	0.02128	0.0	0.06383	0.02128	0.04255	0.06383
Target_342	(5'CCG/3'GGC) x 1	0.06383	0.08511	0.04255	0.06383	0.10638	0.10638	0.02128	0.06383	0.02128	0.08511	0.04255	0.0	0.06383	0.02128	0.04255	0.06383
Target_343	(5'CUG/3'GUC) x 1	0.06383	0.08511	0.04255	0.06383	0.10638	0.08511	0.02128	0.06383	0.02128	0.04255	0.02128	0.04255	0.06383	0.06383	0.04255	0.06383
Target_344	(5'CAG/3'CUG) x 1	0.06383	0.10638	0.04255	0.06383	0.10638	0.08511	0.02128	0.06383	0.04255	0.04255	0.02128	0.02128	0.06383	0.04255	0.04255	0.06383
Target_345	(5'CGG/3'GGC) x1	0.06383	0.08511	0.04255	0.06383	0.10638	0.12766	0.02128	0.06383	0.02128	0.08511	0.02128	0.0	0.06383	0.02128	0.04255	0.06383
Target_346	(5'CAG/3'GUC) x1	0.06383	0.10638	0.04255	0.06383	0.10638	0.08511	0.02128	0.06383	0.04255	0.04255	0.02128	0.02128	0.06383	0.04255	0.04255	0.06383
Target_372	B12.9	0.05128	0.05128	0.07692	0.05128	0.05128	0.05128	0.12821	0.05128	0.10256	0.10256	0.10256	0.02564	0.02564	0.07692	0.02564	0.0
Target_375	RNA hairpin loop I	0.07143	0.07143	0.0	0.0	0.07143	0.0	0.28571	0.0	0.0	0.35714	0.0	0.0	0.0	0.0	0.0	0.0
Target_376	RNA hairpin loop Ib	0.0	0.0	0.0	0.0	0.0	0.07143	0.28571	0.0	0.0	0.35714	0.0	0.07143	0.0	0.0	0.07143	0.07143
Target_377	RNA hairpin loop II	0.0	0.125	0.0	0.0	0.0	0.0	0.25	0.125	0.0625	0.25	0.0	0.0	0.0625	0.0625	0.0	0.0
Target_378	RNA hairpin loop III	0.0	0.17647	0.0	0.0	0.0	0.0	0.23529	0.11765	0.05882	0.23529	0.0	0.0	0.11765	0.0	0.0	0.0
Target_379	RNA hairpin loop IIIa	0.05882	0.11765	0.05882	0.0	0.0	0.0	0.23529	0.05882	0.11765	0.23529	0.0	0.0	0.05882	0.0	0.0	0.0
Target_380	RNA hairpin loop IIIb	0.11765	0.05882	0.11765	0.0	0.0	0.0	0.23529	0.0	0.17647	0.23529	0.0	0.0	0.0	0.0	0.0	0.0
Target_381	RNA hairpin loop IV	0.0	0.16667	0.0	0.0	0.0	0.0	0.22222	0.11111	0.11111	0.22222	0.0	0.0	0.05556	0.0	0.05556	0.0
Target_382	RNA hairpin loop Iva	0.0	0.05556	0.0	0.0	0.05556	0.0	0.27778	0.05556	0.0	0.27778	0.0	0.05556	0.0	0.11111	0.0	0.05556
Target_383	Aptamer mutant C25	0.05263	0.07895	0.10526	0.02632	0.10526	0.10526	0.07895	0.05263	0.05263	0.07895	0.07895	0.02632	0.05263	0.05263	0.0	0.0
Target_384	Aptamer mutant G25	0.05263	0.07895	0.10526	0.02632	0.13158	0.10526	0.05263	0.05263	0.02632	0.07895	0.07895	0.02632	0.05263	0.05263	0.0	0.0
Target_385	Aptamer mutant A25	0.05263	0.07895	0.10526	0.02632	0.13158	0.10526	0.05263	0.05263	0.02632	0.07895	0.07895	0.02632	0.05263	0.05263	0.0	0.0
Target_386	Aptamer mutant C9	0.05263	0.07895	0.07895	0.02632	0.07895	0.10526	0.07895	0.07895	0.02632	0.07895	0.10526	0.02632	0.07895	0.05263	0.0	0.0
Target_387	Aptamer mutant G9	0.05263	0.07895	0.07895	0.02632	0.07895	0.13158	0.07895	0.07895	0.02632	0.07895	0.07895	0.02632	0.07895	0.05263	0.0	0.0
Target_388	Aptamer mutant U9	0.05263	0.07895	0.07895	0.02632	0.07895	0.10526	0.05263	0.10526	0.02632	0.07895	0.07895	0.02632	0.07895	0.05263	0.02632	0.0
Target_389	Aptamer mutant G30	0.02632	0.07895	0.10526	0.02632	0.10526	0.13158	0.05263	0.07895	0.02632	0.07895	0.07895	0.02632	0.07895	0.05263	0.0	0.0
Target_390	Aptamer mutant C30	0.02632	0.07895	0.10526	0.02632	0.07895	0.10526	0.07895	0.07895	0.05263	0.07895	0.07895	0.02632	0.07895	0.05263	0.0	0.0
Target_391	Aptamer mutant U30	0.02632	0.07895	0.10526	0.02632	0.07895	0.10526	0.05263	0.10526	0.02632	0.07895	0.07895	0.02632	0.10526	0.05263	0.0	0.0
Target_392	Aptamer mutant C27	0.02632	0.07895	0.10526	0.02632	0.10526	0.10526	0.05263	0.07895	0.02632	0.07895	0.10526	0.02632	0.07895	0.05263	0.0	0.0
Target_393	Aptamer mutant G27	0.02632	0.10526	0.07895	0.02632	0.10526	0.10526	0.07895	0.07895	0.02632	0.07895	0.07895	0.02632	0.07895	0.05263	0.0	0.0
Target_394	Aptamer mutant U27	0.02632	0.07895	0.07895	0.05263	0.10526	0.10526	0.05263	0.07895	0.02632	0.07895	0.07895	0.02632	0.07895	0.05263	0.02632	0.0
Target_395	Aptamer mutant G10C23	0.05263	0.07895	0.10526	0.02632	0.10526	0.07895	0.05263	0.10526	0.02632	0.10526	0.07895	0.0	0.07895	0.05263	0.0	0.0
Target_396	Aptamer mutant G26	0.02632	0.07895	0.10526	0.02632	0.13158	0.10526	0.05263	0.07895	0.02632	0.07895	0.07895	0.02632	0.05263	0.07895	0.0	0.0
Target_397	Aptamer mutant U26	0.02632	0.07895	0.10526	0.02632	0.10526	0.10526	0.05263	0.07895	0.02632	0.07895	0.07895	0.02632	0.07895	0.05263	0.0	0.02632
Target_398	Aptamer mutant C26	0.02632	0.07895	0.10526	0.02632	0.10526	0.10526	0.05263	0.07895	0.05263	0.07895	0.07895	0.02632	0.05263	0.05263	0.02632	0.0
Target_399	Aptamer mutant A11U22	0.05263	0.07895	0.10526	0.02632	0.10526	0.10526	0.05263	0.07895	0.02632	0.07895	0.07895	0.02632	0.07895	0.05263	0.0	0.0
Target_400	Aptamer mutant C24	0.05263	0.07895	0.10526	0.02632	0.10526	0.07895	0.07895	0.05263	0.02632	0.07895	0.07895	0.05263	0.07895	0.05263	0.0	0.0
Target_401	Aptamer mutant G31	0.02632	0.10526	0.10526	0.0	0.10526	0.10526	0.05263	0.10526	0.02632	0.07895	0.07895	0.02632	0.07895	0.05263	0.0	0.0
Target_402	Aptamer mutant C31	0.02632	0.07895	0.13158	0.0	0.10526	0.10526	0.05263	0.07895	0.02632	0.07895	0.07895	0.05263	0.07895	0.05263	0.0	0.0
Target_403	Aptamer mutant U31	0.02632	0.07895	0.10526	0.02632	0.10526	0.10526	0.05263	0.07895	0.02632	0.07895	0.07895	0.02632	0.07895	0.05263	0.0	0.02632
Target_404	Aptamer mutant C8G28	0.05263	0.10526	0.07895	0.02632	0.07895	0.13158	0.05263	0.07895	0.05263	0.02632	0.10526	0.02632	0.07895	0.05263	0.0	0.0
Target_407	E. coli transglycosidase mRNA	0.04167	0.125	0.08333	0.04167	0.125	0.0	0.125	0.0	0.08333	0.08333	0.04167	0.08333	0.04167	0.0	0.04167	0.04167
Target_410	human tyrosine sulfotransferase mRNA	0.12121	0.0	0.15152	0.0303	0.06061	0.0303	0.0303	0.0	0.06061	0.0303	0.15152	0.09091	0.06061	0.0303	0.0303	0.0
Target_436	Duplex RNA	0.0	0.0	0.08333	0.08333	0.0	0.0	0.0	0.0	0.08333	0.0	0.16667	0.16667	0.08333	0.0	0.16667	0.08333
Target_437	Single_stranded_RNA	0.0	0.0	0.08333	0.08333	0.0	0.0	0.0	0.0	0.08333	0.0	0.16667	0.16667	0.08333	0.0	0.16667	0.08333
Target_438	SL3_duplex_RNA	0.0	0.125	0.0625	0.0	0.0625	0.0625	0.125	0.0625	0.0	0.0625	0.0625	0.125	0.125	0.0	0.0625	0.0
Target_439	SL4 RNA	0.0	0.14286	0.0	0.0	0.14286	0.07143	0.14286	0.14286	0.0	0.14286	0.0	0.0	0.0	0.07143	0.07143	0.0
Target_440	SL2 RNA	0.0	0.05263	0.10526	0.0	0.10526	0.10526	0.10526	0.10526	0.0	0.10526	0.05263	0.05263	0.05263	0.10526	0.0	0.0
Target_441	U15C,U16C SLI_mutant	0.11765	0.02941	0.05882	0.05882	0.08824	0.05882	0.05882	0.0	0.02941	0.11765	0.05882	0.02941	0.0	0.0	0.05882	0.05882
Target_442	G17A,G18A SLI_mutant	0.14706	0.02941	0.08824	0.05882	0.08824	0.02941	0.02941	0.0	0.02941	0.08824	0.02941	0.05882	0.02941	0.0	0.05882	0.08824
Target_443	C19U,G20A SLI_mutant	0.11765	0.05882	0.05882	0.05882	0.08824	0.02941	0.02941	0.02941	0.02941	0.05882	0.02941	0.05882	0.02941	0.02941	0.05882	0.08824
Target_444	G21A,A22G SLI_mutant	0.08824	0.05882	0.05882	0.05882	0.11765	0.02941	0.05882	0.0	0.02941	0.08824	0.02941	0.05882	0.0	0.02941	0.05882	0.08824
Target_445	TS mRNA Construct_4	0.0	0.0	0.0	0.0303	0.0	0.12121	0.15152	0.0303	0.0303	0.12121	0.21212	0.0303	0.0	0.09091	0.0	0.0
Target_446	TS mRNA Construct_5	0.0	0.0	0.03846	0.0	0.0	0.15385	0.07692	0.03846	0.03846	0.11538	0.19231	0.03846	0.0	0.03846	0.03846	0.03846
