Target_RNA_ID	Target_RNA_name	AA	DNC_AG	DNC_AC	DNC_AU	DNC_GA	DNC_GG	DNC_GC	DNC_GU	DNC_CA	DNC_CG	DNC_CC	DNC_CU	DNC_UA	DNC_UG	DNC_UC	DNC_UU	DNC_Feat_17	DNC_Feat_18	DNC_Feat_19	DNC_Feat_20	DNC_Feat_21	DNC_Feat_22	DNC_Feat_23	DNC_Feat_24	
Target_4	RNA_APTAMER_CB_42	0.0025	0.00182	0.00182	0.00091	0.00159	0.00273	0.00273	0.00045	0.00182	0.00114	0.00386	0.0025	0.00114	0.00159	0.00091	0.00227	0.11678	0.13241	0.11909	0.10972	0.1279	0.12847	0.12498	0.11087	
Target_5	RNA_APTAMER_B4_25	0.00281	0.00129	0.00216	0.00151	0.00216	0.00216	0.00237	0.00043	0.00173	0.00281	0.00432	0.00086	0.00108	0.00065	0.00086	0.00086	0.11706	0.12018	0.12689	0.128	0.13398	0.12394	0.1099	0.11198	
Target_6	RNA_Aptamer	0.00269	0.00135	0.00067	0.0	0.00202	0.00471	0.00269	0.0	0.0	0.00202	0.00202	0.00202	0.0	0.00067	0.00135	0.00135	0.11482	0.15785	0.09946	0.11577	0.12426	0.10282	0.13869	0.12277	
Target_26	35 nucleotide RNA	0.0008	0.00241	0.00161	0.00161	0.00241	0.00322	0.00322	0.00161	0.00161	0.00241	0.0008	0.0008	0.00161	0.00161	0.0008	0.0008	0.12576	0.13127	0.11496	0.13478	0.114	0.08999	0.13263	0.12928	
Target_29	Riboflavin binding RNA aptamer	0.00117	0.00467	0.00117	0.00117	0.00701	0.00701	0.0	0.00234	0.0	0.00234	0.00117	0.0	0.0	0.00117	0.00234	0.00117	0.14952	0.13662	0.1093	0.09356	0.1497	0.11717	0.11731	0.09413	
Target_30	NMN binding RNA aptamer	0.00242	0.00121	0.00303	0.00061	0.00182	0.00424	0.00121	0.00121	0.00182	0.00182	0.00363	0.00121	0.00121	0.00061	0.00121	0.00182	0.10186	0.12768	0.12388	0.13403	0.12776	0.12775	0.1255	0.10248	
Target_31	cyanocobalamin 35 nt RNA aptamer	0.00212	0.00212	0.00212	0.00106	0.00106	0.00212	0.00424	0.00212	0.00424	0.00318	0.00212	0.00106	0.00106	0.00212	0.00106	0.0	0.15056	0.08533	0.14241	0.11572	0.12886	0.10542	0.1244	0.11554	
Target_32	TCT8-4 RNA Aptamer	0.00071	0.00213	0.00142	0.00213	0.00142	0.00071	0.00284	0.00142	0.00355	0.00071	0.00213	0.00213	0.00071	0.00284	0.00213	0.00213	0.1181	0.13837	0.11417	0.12481	0.10324	0.12253	0.11733	0.13232	
Target_120	RNA hairpin loop	0.0	0.0	0.0	0.0	0.0	0.0	0.0084	0.0042	0.0	0.0105	0.0	0.0	0.0	0.0042	0.0	0.0	0.21782	0.02597	0.19423	0.06147	0.19286	0.04081	0.23591	0.00363	
Target_33	Biotin aptamer	0.0014	0.00168	0.00224	0.00252	0.00224	0.0028	0.00168	0.00084	0.0028	0.0014	0.00196	0.00196	0.0014	0.00168	0.00224	0.00168	0.11077	0.13947	0.14301	0.12425	0.08991	0.10215	0.12518	0.13471	
Target_121	Bulge_A_RNA	0.00139	0.00278	0.00139	0.0	0.00417	0.00278	0.0	0.00278	0.0	0.00278	0.00278	0.00139	0.0	0.0	0.00417	0.00417	0.11933	0.0941	0.14181	0.12804	0.1226	0.09842	0.14398	0.12115	
Target_34	FMN aptamer	0.0008	0.00241	0.00161	0.00161	0.00241	0.00322	0.00322	0.00161	0.00161	0.00241	0.0008	0.0008	0.00161	0.00161	0.0008	0.0008	0.12576	0.13127	0.11496	0.13478	0.114	0.08999	0.13263	0.12928	
Target_39	Tetracycline in vitro aptamer	0.00247	0.00206	0.00247	0.00164	0.00247	0.00206	0.00206	0.00041	0.00164	0.00164	0.00247	0.00206	0.00206	0.00082	0.00123	0.00082	0.11633	0.10141	0.11155	0.12238	0.12744	0.13447	0.12424	0.13382	
Target_40	ss_PolyA	1.0	0.0	0.0	0.0	0.0	0.0	0.0	0.0	0.0	0.0	0.0	0.0	0.0	0.0	0.0	0.0	0.0	0.0	0.0	0.0	0.0	0.0	0.0	0.0	
Target_79	T-box riboswitch	0.00103	0.00103	0.00103	0.0	0.00206	0.00413	0.00309	0.00206	0.0	0.00413	0.00309	0.00206	0.0	0.00103	0.00309	0.00103	0.1469	0.12206	0.10401	0.1441	0.10059	0.14337	0.11266	0.09743	
Target_123	RNA XIII	0.0	0.00111	0.00222	0.00111	0.00222	0.00111	0.00222	0.00445	0.00222	0.00445	0.00111	0.0	0.0	0.00222	0.00334	0.00334	0.13865	0.11261	0.11373	0.13783	0.10971	0.16014	0.07103	0.12517	
Target_124	RNA XIV	0.0	0.00122	0.00244	0.00122	0.00244	0.00122	0.00244	0.00488	0.00244	0.00488	0.00122	0.0	0.0	0.00244	0.00366	0.00244	0.13783	0.1232	0.10174	0.12122	0.13271	0.14061	0.07847	0.13129	
Target_125	RNA XV	0.0	0.0	0.00238	0.00238	0.00238	0.00119	0.00238	0.00358	0.00238	0.00477	0.00119	0.0	0.0	0.00238	0.00358	0.00238	0.1402	0.12094	0.11041	0.13829	0.10742	0.14772	0.07996	0.12406	
Target_126	RNA XVII	0.0	0.00104	0.00208	0.00104	0.00208	0.00104	0.00208	0.00417	0.00208	0.00417	0.00104	0.0	0.0	0.00208	0.00313	0.00417	0.12968	0.10518	0.11951	0.13391	0.11561	0.14834	0.11333	0.10421	
Target_112	T box antiterminator RNA	0.00103	0.00103	0.00103	0.0	0.00206	0.00413	0.00309	0.00206	0.0	0.00413	0.00309	0.00206	0.0	0.00103	0.00309	0.00103	0.1469	0.12206	0.10401	0.1441	0.10059	0.14337	0.11266	0.09743	
Target_127	SLI of Rep A	0.0046	0.00077	0.00153	0.00153	0.0023	0.00153	0.00153	0.0	0.00077	0.0023	0.00077	0.00153	0.0	0.00077	0.00153	0.00384	0.1123	0.10622	0.11552	0.13655	0.12918	0.16382	0.09424	0.11685	
Target_63	Thymidylate synthase m-RNA	0.0	0.0	0.0	0.00103	0.0	0.00308	0.00513	0.00205	0.00103	0.00513	0.01025	0.00103	0.0	0.00308	0.00103	0.0	0.12608	0.12986	0.1206	0.11735	0.10233	0.12965	0.10179	0.13953	
Target_64	Bcr-Abl m-RNA	0.00278	0.00347	0.00069	0.00139	0.00208	0.00208	0.00278	0.00069	0.00278	0.00069	0.00278	0.00139	0.00139	0.00069	0.00139	0.00069	0.11679	0.14627	0.09654	0.12861	0.12812	0.11645	0.12385	0.11558	
Target_65	PAX3-FKHR m-RNA	0.00265	0.00464	0.0	0.00066	0.00133	0.00133	0.00265	0.00133	0.00265	0.00066	0.00199	0.00066	0.00133	0.0	0.00133	0.00265	0.10073	0.11814	0.12547	0.14799	0.12881	0.13228	0.11351	0.10721	
Target_56	RNA aptamer_1	0.00085	0.00212	0.00085	0.00042	0.00254	0.00296	0.00254	0.00127	0.0	0.00254	0.00042	0.00254	0.00085	0.00127	0.00212	0.00296	0.12031	0.12134	0.11594	0.12649	0.12986	0.12837	0.10294	0.1285	
Target_57	RNA aptamer_2	0.00044	0.00218	0.00131	0.00044	0.00261	0.00305	0.00261	0.00131	0.0	0.00261	0.00044	0.00261	0.00131	0.00131	0.00174	0.00305	0.1244	0.12777	0.11899	0.11799	0.12853	0.12648	0.09966	0.12918	
Target_58	RNA aptamer_3	0.00088	0.00221	0.00088	0.0	0.00221	0.00353	0.00309	0.00132	0.00044	0.00265	0.00044	0.00309	0.00044	0.00132	0.00265	0.00265	0.12509	0.12737	0.11603	0.11787	0.13019	0.1364	0.09533	0.12392	
Target_59	RNA aptamer_4	0.00047	0.00234	0.00093	0.0	0.00234	0.00327	0.0028	0.00187	0.0	0.0028	0.00047	0.0028	0.00093	0.0014	0.00234	0.0028	0.12361	0.12779	0.11308	0.12245	0.1184	0.12977	0.10178	0.13556	
Target_113	T-box RNA	0.00103	0.00103	0.00103	0.0	0.00206	0.00413	0.00309	0.00206	0.0	0.00413	0.00309	0.00206	0.0	0.00103	0.00309	0.00103	0.1469	0.12206	0.10401	0.1441	0.10059	0.14337	0.11266	0.09743	
Target_114	T-box C11U	0.00099	0.00099	0.0	0.00099	0.00199	0.00398	0.00298	0.00199	0.0	0.00398	0.00199	0.00199	0.0	0.00099	0.00398	0.00099	0.13915	0.1244	0.11656	0.13773	0.10772	0.13988	0.11183	0.09491	
Target_132	fIIRE	0.0023	0.00115	0.0023	0.0	0.0023	0.0023	0.0023	0.00115	0.0023	0.00115	0.00115	0.00345	0.0	0.00345	0.0023	0.00345	0.1273	0.16487	0.0993	0.09033	0.13282	0.12657	0.11703	0.11072	
Target_133	TfR_IRE	0.00126	0.00251	0.00251	0.00251	0.00126	0.00251	0.00126	0.00503	0.00251	0.00126	0.00126	0.00251	0.00251	0.00377	0.00251	0.00251	0.10785	0.1167	0.10245	0.11494	0.12023	0.11759	0.1309	0.15164	
Target_134	TfR_IRE_C24U	0.00126	0.00251	0.00251	0.00251	0.00126	0.00251	0.00126	0.00503	0.00251	0.00126	0.00126	0.00251	0.00251	0.00377	0.00251	0.00251	0.10785	0.1167	0.10245	0.11494	0.12023	0.11759	0.1309	0.15164	
Target_135	Yohimbine_XII_RNA	0.00126	0.0	0.00126	0.00126	0.00126	0.00756	0.00252	0.00126	0.0	0.00252	0.00882	0.0	0.00126	0.00126	0.0	0.00126	0.09958	0.10114	0.13819	0.13731	0.13535	0.13843	0.10743	0.11109	
Target_136	RNA_XIX	0.0	0.0	0.0	0.0	0.0	0.0	0.0084	0.0042	0.0	0.0105	0.0	0.0	0.0	0.0042	0.0	0.0	0.21782	0.02597	0.19423	0.06147	0.19286	0.04081	0.23591	0.00363	
Target_137	RNA_XX	0.0	0.00362	0.0	0.0	0.0	0.0	0.00724	0.00362	0.00181	0.00724	0.0	0.0	0.00181	0.00181	0.0	0.0	0.17943	0.06884	0.1114	0.15177	0.06082	0.17923	0.09962	0.12173	
Target_138	RNA_XXI	0.0	0.00496	0.0	0.0	0.0	0.0	0.00662	0.00331	0.00165	0.00662	0.0	0.0	0.00331	0.0	0.0	0.0	0.16875	0.07728	0.08759	0.15127	0.10216	0.11184	0.17763	0.09701	
Target_139	RNA_XXII	0.0	0.0054	0.0	0.0	0.0	0.0	0.0072	0.0036	0.0036	0.0072	0.0	0.0	0.0018	0.0	0.0018	0.0	0.17896	0.08168	0.10719	0.13051	0.08973	0.11964	0.08931	0.17236	
Target_141	GNRA tetraloop construct XVIII	0.00299	0.00149	0.0	0.00149	0.00149	0.00448	0.00299	0.0	0.0	0.00149	0.00149	0.00149	0.00149	0.0	0.0	0.00149	0.09911	0.13127	0.17756	0.13706	0.11834	0.10539	0.10536	0.10352	
Target_142	Spiegelmer L-A42d RNA (58 mer)	0.00158	0.00158	0.00158	0.0021	0.00105	0.00105	0.00158	0.00263	0.00105	0.00368	0.00158	0.00105	0.00316	0.00053	0.0021	0.00368	0.11674	0.11218	0.13607	0.14285	0.1315	0.10855	0.10973	0.11239	
Target_60	T alpha aptamer	0.00168	0.00252	0.00168	0.00084	0.00168	0.00252	0.00336	0.00084	0.00252	0.00084	0.0042	0.00084	0.00084	0.00168	0.0	0.00084	0.11273	0.14358	0.13014	0.14706	0.13436	0.12491	0.07586	0.1045	
Target_61	B alpha aptamer	0.00461	0.00345	0.00345	0.0	0.00345	0.00345	0.0	0.00345	0.0023	0.0023	0.0023	0.0023	0.00115	0.0	0.00345	0.00115	0.09067	0.08704	0.09528	0.12822	0.12998	0.12403	0.17206	0.13587	
Target_144	RNA B	0.0	0.00132	0.0	0.0	0.0	0.00263	0.00658	0.0	0.00132	0.00263	0.00526	0.00395	0.0	0.00395	0.0	0.0	0.12924	0.13654	0.15674	0.09005	0.08779	0.10297	0.16473	0.10431	
Target_145	RNA C	0.0	0.00126	0.0	0.0	0.0	0.00126	0.00755	0.0	0.00126	0.00503	0.00252	0.00252	0.0	0.00252	0.0	0.0	0.16851	0.10477	0.12068	0.0967	0.11196	0.13428	0.08352	0.15569	
Target_147	Antiterminator model RNA AM1A	0.00103	0.00103	0.00103	0.0	0.00206	0.00413	0.00309	0.00206	0.0	0.00413	0.00309	0.00206	0.0	0.00103	0.00309	0.00103	0.1469	0.12206	0.10401	0.1441	0.10059	0.14337	0.11266	0.09743	
Target_149	Double stranded RNA seq	0.00138	0.00275	0.00138	0.00413	0.00275	0.00275	0.0	0.00138	0.00138	0.0	0.00275	0.00275	0.00275	0.00138	0.00275	0.00138	0.09167	0.10536	0.08107	0.13214	0.12607	0.13099	0.1673	0.13375	
Target_150	single stranded RNA seq	0.0	0.0	0.00389	0.00389	0.0	0.0	0.0	0.0	0.00389	0.0	0.00778	0.00778	0.00389	0.0	0.00778	0.00389	0.09923	0.13333	0.08343	0.12425	0.10956	0.11578	0.16975	0.12187	
Target_151	RNA seq A	0.0	0.0	0.0	0.0	0.0	0.00143	0.00713	0.0	0.0	0.00285	0.00143	0.00571	0.0	0.00571	0.0	0.0	0.17882	0.14848	0.01032	0.17763	0.14109	0.01313	0.1775	0.12877	
Target_152	RNA seq A (20 x t-RNA)	0.0	0.0	0.0	0.0	0.0	0.00143	0.00713	0.0	0.0	0.00285	0.00143	0.00571	0.0	0.00571	0.0	0.0	0.17882	0.14848	0.01032	0.17763	0.14109	0.01313	0.1775	0.12877	
Target_153	RNA seq B	0.0	0.0	0.0	0.0	0.0	0.00642	0.00642	0.0	0.0	0.0	0.0	0.00642	0.0	0.00642	0.0	0.0	0.14362	0.16583	0.02726	0.14825	0.16162	0.0331	0.13933	0.1553	
Target_154	RNA seq C	0.00164	0.0	0.00164	0.0	0.0	0.00492	0.00492	0.0	0.00164	0.00328	0.00328	0.00328	0.0	0.00328	0.0	0.0	0.14224	0.14364	0.10235	0.12177	0.11311	0.12329	0.11914	0.1066	
Target_155	RNA seq D	0.0	0.0	0.0	0.0	0.0	0.0	0.00921	0.0	0.0	0.00737	0.0	0.00369	0.0	0.00369	0.0	0.0	0.21302	0.10027	0.08628	0.18668	0.07277	0.12326	0.19057	0.00319	
Target_156	RNA seq E	0.00176	0.00352	0.00176	0.0	0.0	0.00352	0.00527	0.0	0.00527	0.0	0.00176	0.00352	0.0	0.00352	0.0	0.0	0.13916	0.164	0.09709	0.11279	0.12719	0.11005	0.08307	0.13677	
Target_157	RNA seq F	0.00307	0.00307	0.00153	0.0	0.00153	0.00614	0.00307	0.0	0.00307	0.0	0.00614	0.00153	0.0	0.0	0.00153	0.00153	0.09835	0.17423	0.18923	0.12361	0.07533	0.09592	0.10447	0.10663	
Target_158	RpoH σ32mRNA factor	0.00172	0.00144	0.00101	0.00187	0.00172	0.00187	0.00316	0.00129	0.00129	0.00187	0.00086	0.00144	0.00115	0.00287	0.00057	0.0023	0.11761	0.12429	0.12389	0.12144	0.12371	0.113	0.13261	0.11703	
Target_2	RNA duplex	0.2892	0.0	0.0	0.00876	0.0	0.0	0.0	0.0	0.0	0.0	0.0	0.0	0.0	0.0	0.0	0.2892	0.03682	0.04078	0.04487	0.04908	0.05343	0.05793	0.06257	0.06737	
Target_196	A10-RNA-WT QGRS in ADAM10 mRNA	0.0	0.00399	0.00133	0.0	0.00266	0.01997	0.00133	0.00266	0.0	0.00266	0.0	0.0	0.00266	0.00133	0.0	0.0	0.1072	0.13548	0.13477	0.09713	0.12624	0.11395	0.1103	0.13632	
Target_197	A10-RNA-WT QGRS in ADAM10 mRNA Mutant	0.0	0.00399	0.00133	0.0	0.00266	0.01997	0.00133	0.00266	0.0	0.00266	0.0	0.0	0.00266	0.00133	0.0	0.0	0.1072	0.13548	0.13477	0.09713	0.12624	0.11395	0.1103	0.13632	
Target_198	DDPAC MAPT A Bulge	0.0	0.00347	0.00347	0.00174	0.00174	0.00174	0.00174	0.00695	0.00347	0.00174	0.00174	0.00174	0.00347	0.00347	0.00347	0.00174	0.14368	0.11703	0.12764	0.08739	0.1348	0.12237	0.12053	0.10488	
Target_199	DDPAC + I17T Mutant	0.0	0.00347	0.00347	0.00174	0.00174	0.00174	0.00174	0.00695	0.00347	0.00174	0.00174	0.00174	0.00347	0.00347	0.00347	0.00174	0.14368	0.11703	0.12764	0.08739	0.1348	0.12237	0.12053	0.10488	
Target_200	MAPT A WT	0.0	0.00347	0.00347	0.00174	0.00174	0.00174	0.00174	0.00695	0.00347	0.00174	0.00174	0.00174	0.00347	0.00347	0.00347	0.00174	0.14368	0.11703	0.12764	0.08739	0.1348	0.12237	0.12053	0.10488	
Target_207	Fully Paired RNA	0.00428	0.00267	0.00053	0.0016	0.00267	0.00321	0.00107	0.00214	0.00053	0.00267	0.00053	0.00053	0.0016	0.00053	0.00214	0.00214	0.10285	0.10757	0.10223	0.12769	0.12669	0.11981	0.13432	0.14998	
Target_208	1 X 1 UU Hairpin	0.0025	0.0	0.00125	0.0	0.00125	0.00125	0.00501	0.0	0.0	0.00501	0.0	0.0025	0.0	0.0025	0.0	0.0	0.1461	0.13561	0.07529	0.1737	0.09227	0.09385	0.18739	0.07451	
Target_209	AU stem	0.00255	0.00127	0.00127	0.0	0.00127	0.00127	0.00509	0.0	0.00127	0.00509	0.0	0.00127	0.0	0.00127	0.0	0.0	0.14387	0.13277	0.07973	0.17128	0.08307	0.09954	0.19488	0.07323	
Target_211	GC Stem Loop	0.00197	0.00098	0.0	0.0	0.00098	0.0	0.00786	0.0	0.0	0.00688	0.0	0.0	0.0	0.0	0.0	0.0	0.18734	0.04363	0.19587	0.0595	0.19079	0.06865	0.18684	0.04872	
Target_212	AT Hairpin DNA	0.00167	0.0	0.0	0.00167	0.00167	0.0	0.00334	0.00084	0.0	0.00669	0.0	0.0	0.0	0.0	0.00251	0.00418	0.15225	0.07617	0.19313	0.13624	0.18986	0.06891	0.14754	0.01333	
Target_223	G_U/CUA Bulge in miR-18a	0.00225	0.003	0.00075	0.00225	0.00375	0.0045	0.00075	0.0015	0.00075	0.0015	0.00075	0.00075	0.0015	0.0015	0.0015	0.0015	0.11044	0.12641	0.11867	0.13383	0.12849	0.09824	0.11256	0.14285	
Target_224	GAU/CUA Stem Mutant	0.0022	0.00367	0.00073	0.0022	0.00367	0.0044	0.00073	0.00147	0.00073	0.00147	0.00073	0.00073	0.0022	0.00073	0.00147	0.00147	0.11051	0.11984	0.11882	0.12739	0.1239	0.10907	0.11719	0.1447	
Target_225	GAU/A_C Bulge in miR-18a	0.00226	0.00377	0.00151	0.00151	0.00377	0.00452	0.00075	0.00151	0.00075	0.00151	0.00075	0.00075	0.00226	0.00075	0.00075	0.00151	0.12241	0.12017	0.11869	0.11984	0.10081	0.09092	0.1394	0.15911	
Target_226	GGU/A_C Bulge Mutant	0.00238	0.00396	0.00158	0.00079	0.00317	0.00554	0.00079	0.00238	0.00079	0.00158	0.00079	0.00079	0.00238	0.00079	0.00079	0.00158	0.11896	0.12102	0.12344	0.11496	0.11212	0.09104	0.13744	0.15093	
Target_232	G4C2 repeat G-quadruplex RNA	0.0	0.0	0.0	0.0	0.0	0.02285	0.00762	0.0	0.0	0.00741	0.00762	0.0	0.0	0.0	0.0	0.0	0.11745	0.15663	0.13109	0.15746	0.11789	0.0	0.1174	0.15659	
Target_235	5′CAG/3′GAC x 2 repeat RNA	0.00271	0.00406	0.00135	0.00203	0.00338	0.00338	0.00068	0.00203	0.00203	0.00135	0.00068	0.0	0.00203	0.00068	0.00135	0.00203	0.11514	0.12111	0.12259	0.11812	0.12566	0.11047	0.1113	0.14583	
Target_236	5′CAG/3′GAC x 3 repeat RNA	0.00271	0.00406	0.00135	0.00203	0.00338	0.00338	0.00068	0.00203	0.00203	0.00135	0.00068	0.0	0.00203	0.00068	0.00135	0.00203	0.11514	0.12111	0.12259	0.11812	0.12566	0.11047	0.1113	0.14583	
Target_237	5′CAG/3′GAC x 4 repeat RNA	0.00271	0.00406	0.00135	0.00203	0.00338	0.00338	0.00068	0.00203	0.00203	0.00135	0.00068	0.0	0.00203	0.00068	0.00135	0.00203	0.11514	0.12111	0.12259	0.11812	0.12566	0.11047	0.1113	0.14583	
Target_238	5′CAG/3′GAC x 5 repeat RNA	0.00271	0.00406	0.00135	0.00203	0.00338	0.00338	0.00068	0.00203	0.00203	0.00135	0.00068	0.0	0.00203	0.00068	0.00135	0.00203	0.11514	0.12111	0.12259	0.11812	0.12566	0.11047	0.1113	0.14583	
Target_234	5'CAG/3'GUC x 6 repeat RNA	0.00284	0.00425	0.00071	0.00213	0.00284	0.00354	0.00071	0.00284	0.00213	0.00142	0.00071	0.0	0.00213	0.00071	0.00213	0.00213	0.11493	0.12302	0.12195	0.11326	0.12009	0.11126	0.12427	0.14003	
Target_239	5′CAG/3′GAC x 33 repeat RNA	0.00271	0.00406	0.00135	0.00203	0.00338	0.00338	0.00068	0.00203	0.00203	0.00135	0.00068	0.0	0.00203	0.00068	0.00135	0.00203	0.11514	0.12111	0.12259	0.11812	0.12566	0.11047	0.1113	0.14583	
Target_240	5′CAG/3′GAC internal loop	0.00271	0.00406	0.00135	0.00203	0.00338	0.00338	0.00068	0.00203	0.00203	0.00135	0.00068	0.0	0.00203	0.00068	0.00135	0.00203	0.11514	0.12111	0.12259	0.11812	0.12566	0.11047	0.1113	0.14583	
Target_241	5'CAG/3'GUC internal loop	0.00284	0.00425	0.00071	0.00213	0.00284	0.00354	0.00071	0.00284	0.00213	0.00142	0.00071	0.0	0.00213	0.00071	0.00213	0.00213	0.11493	0.12302	0.12195	0.11326	0.12009	0.11126	0.12427	0.14003	
Target_242	KRAS RNA G-quadruplex utr-1	0.0	0.00196	0.0	0.0	0.00196	0.00784	0.00784	0.0	0.00196	0.00588	0.0	0.0	0.0	0.0	0.0	0.0	0.16334	0.16342	0.00938	0.16358	0.16356	0.00774	0.15177	0.14977	
Target_243	KRAS RNA G-quadruplex utr-z	0.0	0.00149	0.0	0.0	0.0	0.00897	0.00747	0.00149	0.00149	0.00598	0.0	0.0	0.0	0.00149	0.0	0.0	0.15271	0.15723	0.0427	0.15061	0.14092	0.05488	0.14078	0.13176	
Target_244	KRAS RNA G-quadruplex utr-4	0.0	0.00414	0.0	0.0	0.0	0.00552	0.0069	0.00138	0.00414	0.00414	0.0	0.0	0.0	0.00138	0.0	0.0	0.15208	0.14551	0.03472	0.16925	0.13313	0.05396	0.16444	0.11933	
Target_245	RNA Hairpin	0.0	0.00174	0.0	0.0	0.0	0.00522	0.00696	0.00174	0.00174	0.00696	0.00348	0.0	0.0	0.00174	0.0	0.0	0.16788	0.15133	0.04042	0.17994	0.11418	0.07963	0.17944	0.0576	
Target_248	Oligo-4, an AGGAAG-containing RNA 15-mer	0.0039	0.00584	0.0	0.0	0.0039	0.0039	0.00195	0.00195	0.0	0.0	0.0	0.00195	0.0	0.00195	0.00195	0.0	0.16509	0.16254	0.087	0.07343	0.17851	0.11025	0.07352	0.12238	
Target_249	Oligo-7, an AAGGAG-containing RNA 15-mer	0.0069	0.0069	0.0	0.0023	0.0023	0.0023	0.0	0.0046	0.0	0.0	0.0	0.0	0.0046	0.0	0.0	0.0023	0.08162	0.11431	0.12501	0.14944	0.19288	0.15419	0.09298	0.05737	
Target_250	Oligo-1, a pyrimidine-rich RNA 15-mer	0.0	0.0	0.0	0.00268	0.0	0.0	0.0	0.0	0.0	0.0	0.00535	0.00535	0.00268	0.0	0.00535	0.01606	0.0893	0.13057	0.13538	0.08039	0.09305	0.13208	0.16998	0.13178	
Target_251	Oligo-2, an RNA 15-mer	0.00732	0.00244	0.00244	0.00244	0.00244	0.00244	0.0	0.00244	0.00244	0.0	0.0	0.0	0.00244	0.0	0.0	0.00732	0.07376	0.12511	0.19934	0.20737	0.19432	0.09638	0.04188	0.0277	
Target_252	Oligo-3, a purine-rich RNA 15-mer	0.02254	0.00564	0.0	0.00282	0.00282	0.0	0.0	0.0	0.00282	0.0	0.0	0.0	0.0	0.0	0.00282	0.0	0.11257	0.14918	0.16294	0.17062	0.13468	0.03623	0.04672	0.1476	
Target_253	Oligo-5, an RNA 15-mer	0.0	0.0	0.00257	0.00257	0.0	0.0	0.00257	0.0	0.00515	0.0	0.00257	0.00515	0.00257	0.00257	0.00515	0.00515	0.13696	0.13127	0.13232	0.07945	0.09292	0.12609	0.15676	0.10821	
Target_254	Oligo-6, an RNA 15-mer	0.00633	0.00422	0.0	0.00211	0.00211	0.00211	0.0	0.0	0.0	0.0	0.00211	0.00211	0.00422	0.0	0.0	0.00422	0.05578	0.10069	0.10769	0.11335	0.11966	0.14242	0.1674	0.16347	
Target_256	Telomeric DNA G-quadruplex (HTG22)	0.0	0.00513	0.0	0.0	0.0	0.02054	0.0	0.01027	0.0	0.0	0.0	0.0	0.00513	0.0	0.0	0.00513	0.09548	0.21838	0.30666	0.24467	0.08861	0.0	0.0	0.0	
Target_255	TERRA G-quadruplex (TERRA22)	0.0	0.00654	0.0	0.0	0.0	0.01308	0.0	0.0049	0.0	0.0	0.0	0.0	0.0049	0.0	0.0	0.0049	0.0887	0.16907	0.21338	0.15966	0.08164	0.0	0.08849	0.16473	
Target_258	BCL2 RNA G-quadruplex	0.0	0.00329	0.0	0.0	0.00164	0.01971	0.00329	0.00329	0.0	0.00164	0.00164	0.00164	0.0	0.00493	0.0	0.0	0.12181	0.12912	0.14379	0.13581	0.12886	0.1036	0.07202	0.12392	
Target_259	NRAS RNA G-quadruplex	0.0	0.00204	0.0	0.0	0.00204	0.01839	0.00204	0.00409	0.0	0.00204	0.0	0.00204	0.0	0.00613	0.00204	0.0	0.11696	0.1122	0.12284	0.11543	0.07781	0.11398	0.16091	0.13898	
Target_260	Pu22 DNA G-quadruplex	0.00202	0.00405	0.0	0.0	0.00202	0.01618	0.0	0.00809	0.0	0.0	0.0	0.0	0.00405	0.00607	0.0	0.0	0.12444	0.15053	0.13457	0.05644	0.0906	0.13646	0.15971	0.10476	
Target_261	TRF2:Telomeric duplex DNA (hTELO-dup)	0.0	0.00513	0.0	0.0	0.0	0.02054	0.0	0.01027	0.0	0.0	0.0	0.0	0.00513	0.0	0.0	0.00513	0.09548	0.21838	0.30666	0.24467	0.08861	0.0	0.0	0.0	
Target_262	TRF2:TERRA G-quadruplex (TERRA22):Telomeric duplex DNA (hTELO-dup)	0.0	0.00513	0.0	0.0	0.0	0.02054	0.0	0.01027	0.0	0.0	0.0	0.0	0.00513	0.0	0.0	0.00513	0.09548	0.21838	0.30666	0.24467	0.08861	0.0	0.0	0.0	
Target_284	SMN2 pre-mRNA GA-rich sequence	0.00645	0.0043	0.00072	0.00143	0.00215	0.00143	0.00143	0.00215	0.00143	0.0	0.00072	0.00215	0.00215	0.00143	0.00215	0.00215	0.1005	0.12872	0.12297	0.11231	0.12068	0.13155	0.122	0.12901	
Target_285	Seq20	0.0023	0.0023	0.00115	0.0	0.00345	0.0023	0.0	0.00115	0.00115	0.00115	0.0023	0.0023	0.0	0.00115	0.00345	0.0046	0.13169	0.16631	0.12428	0.06892	0.13566	0.14441	0.09554	0.10447	
Target_286	Seq21	0.00208	0.00312	0.00104	0.0	0.00416	0.00312	0.00416	0.00104	0.0	0.00416	0.00104	0.00104	0.0	0.00104	0.00104	0.0	0.14223	0.15668	0.07967	0.08167	0.14901	0.11685	0.09988	0.14698	
Target_287	Seq22	0.00206	0.00309	0.00103	0.0	0.00206	0.00309	0.00309	0.00309	0.00206	0.00103	0.00103	0.00206	0.0	0.00309	0.00103	0.00103	0.1345	0.14915	0.12414	0.07714	0.13461	0.12232	0.13468	0.09459	
Target_288	Seq23	0.0014	0.00281	0.0007	0.0	0.00211	0.00281	0.00491	0.0007	0.0014	0.00281	0.0007	0.0014	0.0	0.0014	0.0007	0.0014	0.14004	0.11665	0.1496	0.07803	0.14722	0.12053	0.144	0.07866	
Target_307	J6f1 RNA	0.0	0.00364	0.00146	0.00073	0.00146	0.00146	0.00364	0.00219	0.00073	0.00146	0.00073	0.00291	0.00364	0.00146	0.00073	0.00219	0.13071	0.10453	0.13101	0.12396	0.0936	0.12235	0.12882	0.1366	
Target_308	J6fd6 RNA	0.0	0.00387	0.00155	0.00077	0.00077	0.00155	0.00387	0.00232	0.00077	0.00077	0.00077	0.00387	0.00465	0.00155	0.00077	0.00232	0.12804	0.12424	0.13444	0.11119	0.07893	0.11183	0.13118	0.14992	
Target_309	J6f15 RNA	0.0	0.0029	0.00145	0.00072	0.00145	0.00217	0.00362	0.00217	0.00072	0.00145	0.00072	0.0029	0.0029	0.00217	0.00072	0.00217	0.12729	0.11277	0.13791	0.12338	0.08625	0.12542	0.12384	0.13487	
Target_310	J6f16 RNA	0.00077	0.00309	0.00231	0.00077	0.00154	0.00154	0.00309	0.00231	0.00077	0.00154	0.00077	0.00309	0.00386	0.00154	0.00077	0.00231	0.12668	0.09566	0.12227	0.12224	0.09888	0.12598	0.13284	0.14536	
Target_311	J6f17 RNA	0.0	0.00387	0.00155	0.00077	0.00155	0.00155	0.00309	0.00309	0.00077	0.00155	0.00077	0.00232	0.00387	0.00155	0.00077	0.00309	0.12705	0.10033	0.12652	0.11798	0.09182	0.12867	0.13378	0.14367	
Target_334	(5'CAG/3'GGC) x 1	0.00253	0.00316	0.00126	0.0019	0.00316	0.00443	0.00063	0.0019	0.00126	0.0019	0.00063	0.0	0.0019	0.00063	0.00126	0.00253	0.11519	0.11989	0.12608	0.11015	0.1081	0.11955	0.14076	0.13119	
Target_335	(5'CCG/3'GAC) x 1	0.0025	0.00312	0.00125	0.00187	0.00312	0.00374	0.00062	0.00187	0.00125	0.00187	0.00125	0.0	0.00187	0.00062	0.00125	0.0025	0.11707	0.11337	0.12263	0.11187	0.11514	0.11919	0.12759	0.14444	
Target_336	(5'CGG/3'GAC) x 1	0.00247	0.00309	0.00124	0.00186	0.00309	0.00433	0.00062	0.00186	0.00124	0.00186	0.00062	0.0	0.00186	0.00062	0.00124	0.00247	0.11659	0.11107	0.11893	0.11538	0.10732	0.12689	0.1273	0.14806	
Target_337	(5'CCG/3'GUC) x 1	0.0025	0.0025	0.00125	0.00187	0.00312	0.00374	0.00062	0.00187	0.00062	0.00187	0.00125	0.00062	0.00187	0.00125	0.00125	0.0025	0.11658	0.11699	0.12055	0.10879	0.11228	0.11995	0.13586	0.14029	
Target_338	(5'CAG/3'GCC) x 1	0.00252	0.00315	0.00126	0.00189	0.00315	0.00378	0.00063	0.00189	0.00126	0.00189	0.00126	0.0	0.00189	0.00063	0.00126	0.00252	0.11831	0.11452	0.12029	0.11517	0.11606	0.12076	0.11986	0.14604	
Target_339	(5'CUG/3'GCC) x 1	0.00255	0.00255	0.00127	0.00191	0.00318	0.00382	0.00064	0.00191	0.00064	0.00191	0.00127	0.00064	0.00191	0.00127	0.00127	0.00255	0.11899	0.11409	0.11886	0.11531	0.11588	0.12392	0.11733	0.14635	
Target_340	(5'CGG/3'GCC) x 1	0.0024	0.0024	0.0012	0.0018	0.003	0.00481	0.0006	0.0018	0.0006	0.0024	0.0006	0.0	0.0018	0.0006	0.0012	0.0024	0.11261	0.11665	0.12385	0.11319	0.10235	0.12576	0.14328	0.13468	
Target_341	(5'CAG/3'GAC) x 1	0.00261	0.00391	0.0013	0.00196	0.00326	0.00391	0.00065	0.00196	0.00196	0.0013	0.00065	0.0	0.00196	0.00065	0.0013	0.00261	0.11947	0.11411	0.12097	0.11236	0.11353	0.12054	0.12383	0.14519	
Target_342	(5'CCG/3'GGC) x 1	0.00242	0.00242	0.00121	0.00182	0.00303	0.00424	0.00061	0.00182	0.00061	0.00242	0.00121	0.0	0.00182	0.00061	0.00121	0.00242	0.11304	0.11893	0.12748	0.10977	0.10989	0.11828	0.14369	0.13106	
Target_343	(5'CUG/3'GUC) x 1	0.00263	0.00263	0.00132	0.00198	0.00329	0.00395	0.00066	0.00198	0.00066	0.00132	0.00066	0.00132	0.00198	0.00198	0.00132	0.00263	0.11967	0.11749	0.11729	0.10922	0.11029	0.12462	0.12998	0.14112	
Target_344	(5'CAG/3'CUG) x 1	0.00261	0.00326	0.0013	0.00196	0.00326	0.00391	0.00065	0.00196	0.0013	0.0013	0.00065	0.00065	0.00196	0.0013	0.0013	0.00261	0.11896	0.11789	0.11879	0.10914	0.11053	0.12134	0.13248	0.14085	
Target_345	(5'CGG/3'GGC) x1	0.0024	0.0024	0.0012	0.0018	0.003	0.00481	0.0006	0.0018	0.0006	0.0024	0.0006	0.0	0.0018	0.0006	0.0012	0.0024	0.11261	0.11665	0.12385	0.11319	0.10235	0.12576	0.14328	0.13468	
Target_346	(5'CAG/3'GUC) x1	0.00261	0.00326	0.0013	0.00196	0.00326	0.00391	0.00065	0.00196	0.0013	0.0013	0.00065	0.00065	0.00196	0.0013	0.0013	0.00261	0.11896	0.11789	0.11879	0.10914	0.11053	0.12134	0.13248	0.14085	
Target_372	B12.9	0.00152	0.00152	0.00227	0.00152	0.00152	0.00152	0.00379	0.00152	0.00303	0.00303	0.00303	0.00076	0.00076	0.00227	0.00076	0.0	0.14342	0.10058	0.12894	0.12474	0.10116	0.14585	0.11028	0.11622	
Target_375	RNA hairpin loop I	0.00298	0.00149	0.0	0.0	0.00149	0.0	0.00597	0.0	0.0	0.00746	0.0	0.0	0.0	0.0	0.0	0.0	0.17867	0.07168	0.18907	0.1038	0.19965	0.06777	0.16704	0.00292	
Target_376	RNA hairpin loop Ib	0.0	0.0	0.0	0.0	0.0	0.00179	0.00715	0.0	0.0	0.00893	0.0	0.00179	0.0	0.0	0.00179	0.00179	0.18294	0.09321	0.11475	0.19232	0.08322	0.13398	0.15152	0.02484	
Target_377	RNA hairpin loop II	0.0	0.00362	0.0	0.0	0.0	0.0	0.00724	0.00362	0.00181	0.00724	0.0	0.0	0.00181	0.00181	0.0	0.0	0.17943	0.06884	0.1114	0.15177	0.06082	0.17923	0.09962	0.12173	
Target_378	RNA hairpin loop III	0.0	0.00496	0.0	0.0	0.0	0.0	0.00662	0.00331	0.00165	0.00662	0.0	0.0	0.00331	0.0	0.0	0.0	0.16875	0.07728	0.08759	0.15127	0.10216	0.11184	0.17763	0.09701	
Target_379	RNA hairpin loop IIIa	0.00156	0.00312	0.00156	0.0	0.0	0.0	0.00624	0.00156	0.00312	0.00624	0.0	0.0	0.00156	0.0	0.0	0.0	0.15692	0.06837	0.10299	0.13066	0.12314	0.12586	0.16372	0.10338	
Target_380	RNA hairpin loop IIIb	0.00306	0.00153	0.00306	0.0	0.0	0.0	0.00612	0.0	0.00459	0.00612	0.0	0.0	0.0	0.0	0.0	0.0	0.15905	0.07839	0.10081	0.1275	0.11585	0.1233	0.15416	0.11646	
Target_381	RNA hairpin loop IV	0.0	0.0054	0.0	0.0	0.0	0.0	0.0072	0.0036	0.0036	0.0072	0.0	0.0	0.0018	0.0	0.0018	0.0	0.17896	0.08168	0.10719	0.13051	0.08973	0.11964	0.08931	0.17236	
Target_382	RNA hairpin loop Iva	0.0	0.00134	0.0	0.0	0.00134	0.0	0.00672	0.00134	0.0	0.00672	0.0	0.00134	0.0	0.00269	0.0	0.00134	0.18801	0.07498	0.17598	0.08182	0.17995	0.01905	0.19132	0.06604	
Target_383	Aptamer mutant C25	0.00162	0.00244	0.00325	0.00081	0.00325	0.00325	0.00244	0.00162	0.00162	0.00244	0.00325	0.00081	0.00162	0.00162	0.0	0.0	0.13713	0.12837	0.14579	0.07687	0.10973	0.13404	0.11592	0.12209	
Target_384	Aptamer mutant G25	0.00166	0.00248	0.00331	0.00083	0.00414	0.00414	0.00166	0.00166	0.00083	0.00248	0.00331	0.00083	0.00166	0.00166	0.0	0.0	0.14108	0.12073	0.1544	0.07042	0.12286	0.12709	0.12403	0.10876	
Target_385	Aptamer mutant A25	0.00236	0.00236	0.00315	0.00079	0.00394	0.00315	0.00158	0.00158	0.00079	0.00236	0.00315	0.00079	0.00158	0.00158	0.0	0.0	0.13433	0.1292	0.13864	0.08436	0.10987	0.13268	0.10925	0.13252	
Target_386	Aptamer mutant C9	0.00166	0.00248	0.00248	0.00083	0.00248	0.00331	0.00248	0.00248	0.00083	0.00248	0.00414	0.00083	0.00248	0.00166	0.0	0.0	0.13899	0.12608	0.14111	0.07722	0.12519	0.12744	0.11594	0.11741	
Target_387	Aptamer mutant G9	0.00165	0.00248	0.00248	0.00083	0.00248	0.00413	0.00248	0.00248	0.00083	0.00248	0.0033	0.00083	0.00248	0.00165	0.0	0.0	0.13868	0.13003	0.13814	0.07234	0.13091	0.12446	0.12128	0.11362	
Target_388	Aptamer mutant U9	0.00177	0.00265	0.00265	0.00088	0.00265	0.00354	0.00177	0.00354	0.00088	0.00265	0.00354	0.00088	0.00265	0.00177	0.00088	0.0	0.13738	0.12136	0.14301	0.07942	0.12571	0.12136	0.12154	0.1175	
Target_389	Aptamer mutant G30	0.00086	0.00259	0.00345	0.00086	0.00345	0.00431	0.00172	0.00259	0.00086	0.00259	0.00345	0.00086	0.00259	0.00172	0.0	0.0	0.13536	0.13003	0.13016	0.0882	0.13771	0.1186	0.09935	0.12871	
Target_390	Aptamer mutant C30	0.00085	0.00256	0.00341	0.00085	0.00256	0.00341	0.00256	0.00256	0.0017	0.00256	0.00341	0.00085	0.00256	0.0017	0.0	0.0	0.13667	0.12482	0.13959	0.08588	0.12737	0.12248	0.10689	0.12476	
Target_391	Aptamer mutant U30	0.00092	0.00277	0.0037	0.00092	0.00277	0.0037	0.00185	0.0037	0.00092	0.00277	0.0037	0.00092	0.0037	0.00185	0.0	0.0	0.13684	0.12041	0.13802	0.08166	0.1242	0.12759	0.10705	0.13003	
Target_392	Aptamer mutant C27	0.00089	0.00267	0.00356	0.00089	0.00356	0.00356	0.00178	0.00267	0.00089	0.00267	0.00445	0.00089	0.00267	0.00178	0.0	0.0	0.14541	0.12481	0.13941	0.09056	0.13133	0.12012	0.09293	0.1225	
Target_393	Aptamer mutant G27	0.00083	0.00331	0.00248	0.00083	0.00331	0.00331	0.00248	0.00248	0.00083	0.00248	0.00331	0.00083	0.00248	0.00165	0.0	0.0	0.14687	0.12058	0.14561	0.08768	0.1318	0.11887	0.10046	0.11755	
Target_394	Aptamer mutant U27	0.00087	0.00261	0.00261	0.00174	0.00347	0.00347	0.00174	0.00261	0.00087	0.00261	0.00347	0.00087	0.00261	0.00174	0.00087	0.0	0.14166	0.12288	0.14704	0.08153	0.12341	0.12246	0.1078	0.12109	
Target_395	Aptamer mutant G10C23	0.00172	0.00258	0.00344	0.00086	0.00344	0.00258	0.00172	0.00344	0.00086	0.00344	0.00344	0.0	0.00258	0.00172	0.0	0.0	0.14485	0.10428	0.14164	0.10371	0.0996	0.1489	0.08713	0.13802	
Target_396	Aptamer mutant G26	0.00088	0.00265	0.00354	0.00088	0.00442	0.00354	0.00177	0.00265	0.00088	0.00265	0.00354	0.00088	0.00177	0.00265	0.0	0.0	0.14671	0.12667	0.1254	0.10078	0.13444	0.12209	0.08434	0.12685	
Target_397	Aptamer mutant U26	0.00085	0.00255	0.0034	0.00085	0.0034	0.0034	0.0017	0.00255	0.00085	0.00255	0.0034	0.00085	0.00255	0.0017	0.0	0.00085	0.13819	0.12466	0.13808	0.08748	0.12285	0.12518	0.1036	0.12853	
Target_398	Aptamer mutant C26	0.00094	0.00283	0.00378	0.00094	0.00378	0.00378	0.00189	0.00283	0.00189	0.00283	0.00378	0.00094	0.00189	0.00189	0.00094	0.0	0.14649	0.12222	0.14168	0.08532	0.13375	0.1201	0.10038	0.11514	
Target_399	Aptamer mutant A11U22	0.00171	0.00256	0.00341	0.00085	0.00341	0.00341	0.00171	0.00256	0.00085	0.00256	0.00341	0.00085	0.00256	0.00171	0.0	0.0	0.14031	0.1224	0.14065	0.08436	0.11071	0.13274	0.10217	0.13509	
Target_400	Aptamer mutant C24	0.00161	0.00241	0.00321	0.0008	0.00321	0.00241	0.00241	0.00161	0.0008	0.00241	0.00321	0.00161	0.00241	0.00161	0.0	0.0	0.14084	0.11973	0.14699	0.07424	0.13779	0.11335	0.12048	0.11686	
Target_401	Aptamer mutant G31	0.00091	0.00363	0.00363	0.0	0.00363	0.00363	0.00181	0.00363	0.00091	0.00272	0.00363	0.00091	0.00272	0.00181	0.0	0.0	0.14364	0.11153	0.14271	0.0811	0.13203	0.12715	0.10833	0.11995	
Target_402	Aptamer mutant C31	0.0009	0.00271	0.00452	0.0	0.00362	0.00362	0.00181	0.00271	0.0009	0.00271	0.00362	0.00181	0.00271	0.00181	0.0	0.0	0.13682	0.12307	0.13731	0.08204	0.13409	0.12072	0.10757	0.12492	
Target_403	Aptamer mutant U31	0.00085	0.00256	0.00342	0.00085	0.00342	0.00342	0.00171	0.00256	0.00085	0.00256	0.00342	0.00085	0.00256	0.00171	0.0	0.00085	0.13904	0.12387	0.1441	0.08047	0.12596	0.12075	0.11127	0.12293	
Target_404	Aptamer mutant C8G28	0.00177	0.00355	0.00266	0.00089	0.00266	0.00443	0.00177	0.00266	0.00177	0.00089	0.00443	0.00089	0.00266	0.00177	0.0	0.0	0.12304	0.13177	0.15616	0.0923	0.104	0.11378	0.1355	0.11065	
Target_407	E. coli transglycosidase mRNA	0.00116	0.00347	0.00231	0.00116	0.00347	0.0	0.00347	0.0	0.00231	0.00231	0.00116	0.00231	0.00116	0.0	0.00116	0.00116	0.15104	0.1169	0.08196	0.12041	0.11975	0.1457	0.12087	0.11681	
Target_410	human tyrosine sulfotransferase mRNA	0.00505	0.0	0.00505	0.00101	0.00202	0.00101	0.00101	0.0	0.00202	0.00101	0.00706	0.00303	0.00202	0.00101	0.00101	0.0	0.10344	0.144	0.13118	0.11636	0.10709	0.12557	0.13593	0.10414	
Target_436	Duplex RNA	0.0	0.0	0.00389	0.00389	0.0	0.0	0.0	0.0	0.00389	0.0	0.00778	0.00778	0.00389	0.0	0.00778	0.00389	0.09923	0.13333	0.08343	0.12425	0.10956	0.11578	0.16975	0.12187	
Target_437	Single_stranded_RNA	0.0	0.0	0.00389	0.00389	0.0	0.0	0.0	0.0	0.00389	0.0	0.00778	0.00778	0.00389	0.0	0.00778	0.00389	0.09923	0.13333	0.08343	0.12425	0.10956	0.11578	0.16975	0.12187	
Target_438	SL3_duplex_RNA	0.0	0.00405	0.00202	0.0	0.00202	0.00202	0.00405	0.00202	0.0	0.00202	0.00202	0.00405	0.00405	0.0	0.00202	0.0	0.13908	0.11694	0.18127	0.15283	0.13138	0.08176	0.07076	0.09563	
Target_439	SL4 RNA	0.0	0.00451	0.0	0.0	0.00451	0.00225	0.00451	0.00451	0.0	0.00451	0.0	0.0	0.0	0.00225	0.00225	0.0	0.2173	0.05116	0.19243	0.05382	0.17012	0.04898	0.14982	0.08707	
Target_440	SL2 RNA	0.0	0.00187	0.00373	0.0	0.00373	0.00373	0.00373	0.00373	0.0	0.00373	0.00187	0.00187	0.00187	0.00373	0.0	0.0	0.15884	0.10149	0.11841	0.09352	0.16358	0.09687	0.08488	0.14881	
Target_441	U15C,U16C SLI_mutant	0.00484	0.00081	0.00161	0.00161	0.00242	0.00161	0.00161	0.0	0.00081	0.00323	0.00242	0.00081	0.0	0.0	0.00161	0.00323	0.11875	0.11185	0.10695	0.13242	0.13268	0.15435	0.10188	0.1145	
Target_442	G17A,G18A SLI_mutant	0.00561	0.0008	0.0024	0.0016	0.0024	0.0008	0.0008	0.0	0.0008	0.0024	0.0008	0.0016	0.0008	0.0	0.0016	0.00401	0.10808	0.09563	0.12061	0.1373	0.10824	0.16496	0.10461	0.13414	
Target_443	C19U,G20A SLI_mutant	0.00509	0.0017	0.0017	0.0017	0.00254	0.00085	0.00085	0.00085	0.00085	0.0017	0.00085	0.0017	0.00085	0.00085	0.0017	0.00424	0.11914	0.10288	0.12021	0.12002	0.13716	0.15605	0.10222	0.11433	
Target_444	G21A,A22G SLI_mutant	0.00388	0.00155	0.00155	0.00155	0.0031	0.00078	0.00155	0.0	0.00078	0.00233	0.00078	0.00155	0.0	0.00078	0.00155	0.00388	0.1154	0.09419	0.11002	0.13861	0.12112	0.14364	0.12503	0.12641	
Target_445	TS mRNA Construct_4	0.0	0.0	0.0	0.00104	0.0	0.00626	0.00522	0.00104	0.00104	0.00418	0.01044	0.00104	0.0	0.00313	0.0	0.0	0.12175	0.129	0.11824	0.12393	0.09494	0.12254	0.10305	0.15314	
Target_446	TS mRNA Construct_5	0.0	0.0	0.00153	0.0	0.0	0.00916	0.00305	0.00153	0.00153	0.00458	0.01069	0.00153	0.0	0.00153	0.00153	0.00153	0.11351	0.13985	0.10746	0.10338	0.12707	0.11757	0.1128	0.14017	
