Target_RNA_ID	Target_RNA_name	A(((	A((.	A(..	A(.(	A.((	A.(.	A..(	A...	G(((	G((.	G(..	G(.(	G.((	G.(.	G..(	G...	C(((	C((.	C(..	C(.(	C.((	C.(.	C..(	C...	U(((	U((.	U(..	U(.(	U.((	U.(.	U..(	U...	
Target_4	RNA_APTAMER_CB_42	0.05385	0.00769	0.01538	0.00769	0.01538	0.0	0.02308	0.11538	0.12308	0.02308	0.03077	0.0	0.04615	0.0	0.0	0.02308	0.11538	0.03846	0.02308	0.0	0.03077	0.0	0.03846	0.06923	0.04615	0.03846	0.02308	0.0	0.00769	0.0	0.03077	0.05385	
Target_5	RNA_APTAMER_B4_25	0.04651	0.0155	0.03876	0.0	0.00775	0.0	0.06202	0.10853	0.07752	0.05426	0.0155	0.00775	0.06977	0.0	0.00775	0.0155	0.10853	0.04651	0.03101	0.0155	0.03876	0.0	0.03876	0.06977	0.04651	0.00775	0.0155	0.0	0.0155	0.0	0.0	0.03876	
Target_6	RNA_Aptamer	0.05882	0.0	0.02941	0.0	0.0	0.0	0.02941	0.08824	0.11765	0.05882	0.0	0.02941	0.05882	0.0	0.05882	0.05882	0.11765	0.02941	0.0	0.0	0.05882	0.0	0.0	0.05882	0.05882	0.0	0.02941	0.0	0.0	0.0	0.0	0.05882	
Target_26	35 nucleotide RNA	0.0303	0.0303	0.0303	0.0	0.0303	0.0	0.0303	0.09091	0.15152	0.0	0.0303	0.0	0.0303	0.0	0.06061	0.09091	0.15152	0.0303	0.0	0.0	0.0	0.0	0.0	0.0303	0.0303	0.0303	0.0303	0.0	0.0303	0.0	0.0	0.06061	
Target_29	Riboflavin binding RNA aptamer	0.07407	0.03704	0.0	0.0	0.0	0.0	0.0	0.14815	0.11111	0.0	0.03704	0.0	0.0	0.0	0.03704	0.2963	0.11111	0.0	0.0	0.0	0.0	0.0	0.0	0.0	0.07407	0.0	0.0	0.0	0.03704	0.0	0.0	0.03704	
Target_30	NMN binding RNA aptamer	0.06383	0.0	0.06383	0.0	0.0	0.0	0.04255	0.08511	0.08511	0.04255	0.0	0.0	0.10638	0.0	0.04255	0.0	0.10638	0.04255	0.02128	0.02128	0.02128	0.0	0.0	0.08511	0.08511	0.02128	0.0	0.0	0.0	0.0	0.0	0.06383	
Target_31	cyanocobalamin 35 nt RNA aptamer	0.03448	0.0	0.06897	0.03448	0.0	0.0	0.03448	0.06897	0.06897	0.03448	0.0	0.03448	0.10345	0.0	0.03448	0.03448	0.06897	0.03448	0.0	0.0	0.03448	0.0	0.0	0.17241	0.03448	0.06897	0.0	0.0	0.0	0.0	0.0	0.03448	
Target_32	TCT8-4 RNA Aptamer	0.125	0.0	0.025	0.0	0.0	0.0	0.025	0.025	0.1	0.05	0.025	0.0	0.025	0.0	0.025	0.0	0.075	0.05	0.075	0.0	0.05	0.0	0.0	0.05	0.1	0.025	0.0	0.0	0.025	0.0	0.05	0.075	
Target_120	RNA hairpin loop	0.0	0.0	0.0	0.0	0.0	0.0	0.0	0.0	0.25	0.0	0.08333	0.0	0.08333	0.0	0.0	0.08333	0.25	0.08333	0.0	0.0	0.0	0.0	0.0	0.0	0.0	0.0	0.0	0.0	0.0	0.0	0.08333	0.08333	
Target_33	Biotin aptamer	0.07407	0.02778	0.0463	0.0	0.0	0.0	0.03704	0.07407	0.09259	0.02778	0.02778	0.0	0.0463	0.0	0.00926	0.03704	0.11111	0.03704	0.00926	0.00926	0.01852	0.0	0.01852	0.06481	0.05556	0.01852	0.01852	0.0	0.03704	0.0	0.02778	0.07407	
Target_121	Bulge_A_RNA	0.04762	0.04762	0.0	0.04762	0.04762	0.0	0.0	0.0	0.19048	0.04762	0.04762	0.0	0.0	0.0	0.0	0.0	0.2381	0.0	0.0	0.0	0.0	0.0	0.0	0.0	0.09524	0.0	0.0	0.0	0.04762	0.0	0.04762	0.09524	
Target_34	FMN aptamer	0.0303	0.0303	0.0303	0.0	0.0303	0.0	0.0303	0.09091	0.15152	0.0	0.0303	0.0	0.0303	0.0	0.06061	0.09091	0.15152	0.0303	0.0	0.0	0.0	0.0	0.0	0.0303	0.0303	0.0303	0.0303	0.0	0.0303	0.0	0.0	0.06061	
Target_39	Tetracycline in vitro aptamer	0.05882	0.0	0.05882	0.0	0.02941	0.0	0.07353	0.08824	0.13235	0.04412	0.01471	0.0	0.01471	0.01471	0.01471	0.0	0.13235	0.01471	0.02941	0.0	0.02941	0.01471	0.01471	0.04412	0.08824	0.01471	0.0	0.0	0.0	0.0	0.0	0.07353	
Target_40	ss_PolyA	0.0	0.0	0.0	0.0	0.0	0.0	0.0	1.0	0.0	0.0	0.0	0.0	0.0	0.0	0.0	0.0	0.0	0.0	0.0	0.0	0.0	0.0	0.0	0.0	0.0	0.0	0.0	0.0	0.0	0.0	0.0	0.0	
Target_79	T-box riboswitch	0.03704	0.0	0.0	0.0	0.0	0.0	0.0	0.07407	0.14815	0.03704	0.0	0.0	0.07407	0.0	0.03704	0.07407	0.18519	0.03704	0.0	0.0	0.0	0.0	0.03704	0.07407	0.07407	0.0	0.07407	0.0	0.0	0.0	0.0	0.03704	
Target_123	RNA XIII	0.11111	0.03704	0.0	0.0	0.0	0.0	0.0	0.0	0.22222	0.03704	0.03704	0.0	0.0	0.0	0.0	0.0	0.22222	0.0	0.0	0.0	0.03704	0.0	0.0	0.0	0.11111	0.0	0.03704	0.0	0.03704	0.0	0.07407	0.03704	
Target_124	RNA XIV	0.11538	0.03846	0.0	0.0	0.0	0.0	0.0	0.0	0.23077	0.03846	0.0	0.03846	0.0	0.0	0.0	0.0	0.23077	0.0	0.0	0.0	0.03846	0.0	0.0	0.0	0.11538	0.0	0.03846	0.0	0.03846	0.0	0.03846	0.03846	
Target_125	RNA XV	0.16	0.0	0.0	0.0	0.0	0.0	0.0	0.0	0.24	0.04	0.0	0.0	0.0	0.0	0.0	0.0	0.24	0.0	0.0	0.0	0.04	0.0	0.0	0.0	0.16	0.0	0.04	0.0	0.0	0.0	0.04	0.04	
Target_126	RNA XVII	0.10714	0.03571	0.0	0.0	0.0	0.0	0.0	0.0	0.21429	0.03571	0.03571	0.0	0.0	0.0	0.0	0.0	0.21429	0.0	0.0	0.0	0.03571	0.0	0.0	0.0	0.10714	0.0	0.03571	0.0	0.03571	0.0	0.07143	0.07143	
Target_112	T box antiterminator RNA	0.03704	0.0	0.0	0.0	0.0	0.0	0.0	0.07407	0.14815	0.03704	0.0	0.0	0.07407	0.0	0.03704	0.07407	0.18519	0.03704	0.0	0.0	0.0	0.0	0.03704	0.07407	0.07407	0.0	0.07407	0.0	0.0	0.0	0.0	0.03704	
Target_127	SLI of Rep A	0.03125	0.03125	0.0	0.0	0.0	0.0	0.0	0.25	0.03125	0.0	0.03125	0.0	0.03125	0.03125	0.03125	0.0625	0.03125	0.03125	0.03125	0.03125	0.0	0.03125	0.0	0.0625	0.03125	0.0	0.0	0.03125	0.03125	0.0	0.03125	0.125	
Target_63	Thymidylate synthase m-RNA	0.03226	0.0	0.0	0.0	0.0	0.0	0.0	0.0	0.16129	0.06452	0.03226	0.0	0.06452	0.0	0.0	0.0	0.22581	0.0	0.0	0.03226	0.06452	0.0	0.03226	0.16129	0.03226	0.03226	0.0	0.03226	0.0	0.0	0.03226	0.0	
Target_64	Bcr-Abl m-RNA	0.05128	0.0	0.10256	0.0	0.0	0.0	0.0	0.15385	0.07692	0.05128	0.0	0.0	0.02564	0.0	0.05128	0.05128	0.05128	0.05128	0.0	0.0	0.05128	0.0	0.02564	0.10256	0.07692	0.0	0.0	0.0	0.0	0.0	0.0	0.07692	
Target_65	PAX3-FKHR m-RNA	0.05263	0.0	0.05263	0.0	0.0	0.0	0.05263	0.15789	0.07895	0.0	0.0	0.0	0.07895	0.0	0.0	0.07895	0.02632	0.07895	0.05263	0.0	0.0	0.0	0.02632	0.05263	0.10526	0.02632	0.0	0.0	0.0	0.0	0.0	0.07895	
Target_56	RNA aptamer_1	0.04918	0.01639	0.01639	0.01639	0.01639	0.0	0.03279	0.01639	0.13115	0.03279	0.0	0.03279	0.08197	0.0	0.01639	0.04918	0.09836	0.01639	0.03279	0.01639	0.01639	0.03279	0.0	0.0	0.13115	0.04918	0.03279	0.01639	0.0	0.0	0.01639	0.03279	
Target_57	RNA aptamer_2	0.03279	0.01639	0.03279	0.01639	0.03279	0.0	0.01639	0.01639	0.14754	0.03279	0.0	0.03279	0.06557	0.0	0.03279	0.03279	0.09836	0.01639	0.01639	0.01639	0.01639	0.03279	0.0	0.01639	0.09836	0.06557	0.01639	0.04918	0.01639	0.0	0.0	0.03279	
Target_58	RNA aptamer_3	0.01613	0.0	0.01613	0.01613	0.04839	0.01613	0.03226	0.0	0.1129	0.04839	0.01613	0.03226	0.06452	0.0	0.04839	0.03226	0.1129	0.03226	0.03226	0.01613	0.03226	0.0	0.0	0.01613	0.01613	0.08065	0.03226	0.01613	0.01613	0.01613	0.03226	0.04839	
Target_59	RNA aptamer_4	0.01724	0.0	0.01724	0.01724	0.05172	0.01724	0.01724	0.0	0.12069	0.05172	0.0	0.05172	0.06897	0.0	0.03448	0.03448	0.13793	0.03448	0.0	0.01724	0.01724	0.0	0.0	0.01724	0.03448	0.06897	0.03448	0.03448	0.01724	0.01724	0.01724	0.05172	
Target_113	T-box RNA	0.03704	0.0	0.0	0.0	0.0	0.0	0.0	0.07407	0.14815	0.03704	0.0	0.0	0.07407	0.0	0.03704	0.07407	0.18519	0.03704	0.0	0.0	0.0	0.0	0.03704	0.07407	0.07407	0.0	0.07407	0.0	0.0	0.0	0.0	0.03704	
Target_114	T-box C11U	0.03704	0.0	0.0	0.0	0.0	0.0	0.0	0.07407	0.14815	0.03704	0.0	0.0	0.07407	0.0	0.03704	0.07407	0.18519	0.03704	0.0	0.0	0.0	0.0	0.03704	0.03704	0.07407	0.0	0.07407	0.0	0.0	0.0	0.0	0.07407	
Target_132	fIIRE	0.07692	0.03846	0.03846	0.0	0.0	0.0	0.0	0.03846	0.11538	0.07692	0.0	0.0	0.0	0.0	0.0	0.07692	0.07692	0.0	0.03846	0.03846	0.03846	0.0	0.07692	0.0	0.11538	0.0	0.0	0.0	0.07692	0.0	0.0	0.07692	
Target_133	TfR_IRE	0.17241	0.0	0.0	0.0	0.0	0.0	0.0	0.03448	0.13793	0.03448	0.0	0.0	0.03448	0.0	0.0	0.06897	0.06897	0.03448	0.03448	0.03448	0.03448	0.0	0.0	0.0	0.24138	0.0	0.0	0.0	0.0	0.0	0.03448	0.03448	
Target_134	TfR_IRE_C24U	0.17241	0.0	0.0	0.0	0.0	0.0	0.0	0.03448	0.13793	0.03448	0.0	0.0	0.03448	0.0	0.0	0.06897	0.06897	0.03448	0.03448	0.03448	0.03448	0.0	0.0	0.0	0.24138	0.0	0.0	0.0	0.0	0.0	0.03448	0.03448	
Target_135	Yohimbine_XII_RNA	0.0	0.0	0.04167	0.0	0.0	0.0	0.0	0.08333	0.125	0.04167	0.0	0.0	0.08333	0.0	0.04167	0.08333	0.20833	0.04167	0.04167	0.0	0.0	0.0	0.0	0.08333	0.0	0.04167	0.0	0.0	0.0	0.0	0.04167	0.04167	
Target_136	RNA_XIX	0.0	0.0	0.0	0.0	0.0	0.0	0.0	0.0	0.25	0.0	0.08333	0.0	0.08333	0.0	0.0	0.08333	0.25	0.08333	0.0	0.0	0.0	0.0	0.0	0.0	0.0	0.0	0.0	0.0	0.0	0.0	0.08333	0.08333	
Target_137	RNA_XX	0.0	0.0	0.07143	0.0	0.0	0.0	0.07143	0.0	0.21429	0.0	0.0	0.0	0.07143	0.0	0.0	0.14286	0.21429	0.07143	0.0	0.0	0.0	0.0	0.0	0.0	0.0	0.0	0.0	0.0	0.0	0.0	0.0	0.14286	
Target_138	RNA_XXI	0.0	0.0	0.06667	0.0	0.0	0.0	0.06667	0.06667	0.2	0.0	0.0	0.0	0.06667	0.0	0.0	0.13333	0.2	0.06667	0.0	0.0	0.0	0.0	0.0	0.0	0.0	0.0	0.0	0.0	0.0	0.0	0.0	0.13333	
Target_139	RNA_XXII	0.0	0.0	0.0625	0.0	0.0	0.0	0.0625	0.0625	0.1875	0.0	0.0	0.0	0.0625	0.0	0.0	0.125	0.1875	0.0625	0.0	0.0	0.0	0.0	0.0	0.0625	0.0	0.0	0.0	0.0	0.0	0.0	0.0	0.125	
Target_141	GNRA tetraloop construct XVIII	0.0	0.0	0.07143	0.0	0.0	0.0	0.07143	0.14286	0.21429	0.0	0.07143	0.0	0.07143	0.0	0.0	0.0	0.14286	0.07143	0.0	0.0	0.0	0.0	0.0	0.0	0.07143	0.07143	0.0	0.0	0.0	0.0	0.0	0.0	
Target_142	Spiegelmer L-A42d RNA (58 mer)	0.08929	0.01786	0.01786	0.0	0.03571	0.0	0.01786	0.05357	0.125	0.03571	0.0	0.0	0.03571	0.0	0.0	0.01786	0.17857	0.01786	0.01786	0.0	0.0	0.0	0.0	0.01786	0.10714	0.01786	0.05357	0.0	0.01786	0.0	0.07143	0.05357	
Target_60	T alpha aptamer	0.06452	0.0	0.03226	0.0	0.0	0.0	0.06452	0.09677	0.12903	0.06452	0.03226	0.0	0.03226	0.0	0.03226	0.0	0.09677	0.06452	0.06452	0.0	0.06452	0.0	0.0	0.03226	0.03226	0.0	0.0	0.0	0.03226	0.0	0.03226	0.03226	
Target_61	B alpha aptamer	0.06452	0.0	0.03226	0.0	0.03226	0.0	0.03226	0.16129	0.09677	0.0	0.0	0.0	0.03226	0.0	0.0	0.12903	0.09677	0.03226	0.0	0.0	0.0	0.0	0.03226	0.09677	0.06452	0.0	0.0	0.0	0.0	0.0	0.0	0.09677	
Target_144	RNA B	0.05	0.0	0.0	0.0	0.0	0.0	0.0	0.0	0.05	0.05	0.05	0.0	0.1	0.0	0.0	0.1	0.15	0.05	0.0	0.05	0.05	0.0	0.05	0.1	0.05	0.0	0.0	0.0	0.0	0.0	0.05	0.05	
Target_145	RNA C	0.05556	0.0	0.0	0.0	0.0	0.0	0.0	0.0	0.11111	0.0	0.05556	0.0	0.16667	0.0	0.0	0.05556	0.11111	0.16667	0.0	0.05556	0.0	0.0	0.05556	0.05556	0.05556	0.0	0.0	0.05556	0.0	0.0	0.0	0.0	
Target_147	Antiterminator model RNA AM1A	0.03704	0.0	0.0	0.0	0.0	0.0	0.0	0.07407	0.14815	0.03704	0.0	0.0	0.07407	0.0	0.03704	0.07407	0.18519	0.03704	0.0	0.0	0.0	0.0	0.03704	0.07407	0.07407	0.0	0.07407	0.0	0.0	0.0	0.0	0.03704	
Target_149	Double stranded RNA seq	0.13636	0.0	0.0	0.0	0.04545	0.0	0.04545	0.04545	0.22727	0.0	0.0	0.0	0.0	0.0	0.0	0.0	0.22727	0.0	0.0	0.0	0.0	0.0	0.0	0.0	0.13636	0.04545	0.04545	0.0	0.0	0.0	0.0	0.04545	
Target_150	single stranded RNA seq	0.0	0.0	0.0	0.0	0.0	0.0	0.0	0.1	0.0	0.0	0.0	0.0	0.0	0.0	0.0	0.0	0.0	0.0	0.0	0.0	0.0	0.0	0.0	0.5	0.0	0.0	0.0	0.0	0.0	0.0	0.0	0.4	
Target_151	RNA seq A	0.0	0.0	0.0	0.0	0.0	0.0	0.0	0.0	0.125	0.0	0.0	0.0	0.1875	0.0	0.0	0.0625	0.125	0.1875	0.0	0.0	0.0	0.0	0.0	0.0625	0.0	0.0	0.0625	0.125	0.0	0.0	0.0625	0.0	
Target_152	RNA seq A (20 x t-RNA)	0.0	0.0	0.0	0.0	0.0	0.0	0.0	0.0	0.125	0.0	0.0	0.0	0.1875	0.0	0.0	0.0625	0.125	0.1875	0.0	0.0	0.0	0.0	0.0	0.0625	0.0	0.0	0.0625	0.125	0.0	0.0	0.0625	0.0	
Target_153	RNA seq B	0.0	0.0	0.0	0.0	0.0	0.0	0.0	0.0	0.05263	0.0	0.05263	0.0	0.21053	0.0	0.0	0.15789	0.05263	0.15789	0.0	0.0	0.0	0.0	0.0	0.05263	0.0	0.05263	0.05263	0.10526	0.0	0.0	0.05263	0.0	
Target_154	RNA seq C	0.0	0.0	0.0	0.0	0.0	0.0	0.0625	0.0625	0.125	0.0625	0.0625	0.0	0.125	0.0	0.0	0.0	0.125	0.125	0.0	0.0	0.0625	0.0	0.0	0.0625	0.0	0.0	0.0	0.125	0.0	0.0	0.0	0.0	
Target_155	RNA seq D	0.0	0.0	0.0	0.0	0.0	0.0	0.0	0.0	0.25	0.0	0.0	0.0	0.08333	0.0	0.0	0.08333	0.25	0.08333	0.0	0.0	0.0	0.0	0.0	0.08333	0.0	0.0	0.08333	0.0	0.0	0.0	0.08333	0.0	
Target_156	RNA seq E	0.125	0.0	0.0	0.0	0.0	0.0	0.0625	0.0625	0.1875	0.0625	0.0625	0.0	0.0	0.0	0.0	0.0	0.1875	0.0	0.0	0.0	0.0625	0.0	0.0	0.0625	0.125	0.0	0.0	0.0	0.0	0.0	0.0	0.0	
Target_157	RNA seq F	0.1	0.0	0.05	0.0	0.0	0.0	0.05	0.05	0.25	0.0	0.0	0.0	0.05	0.0	0.0	0.0	0.25	0.05	0.0	0.0	0.0	0.0	0.0	0.05	0.1	0.0	0.0	0.0	0.0	0.0	0.0	0.0	
Target_158	RpoH σ32mRNA factor	0.06557	0.02186	0.04372	0.0	0.01639	0.0	0.02732	0.04918	0.14754	0.00546	0.01093	0.01093	0.05464	0.0	0.01639	0.06011	0.0929	0.04372	0.00546	0.0	0.01093	0.0	0.01093	0.04372	0.10929	0.03279	0.01093	0.02186	0.02186	0.0	0.01639	0.04918	
Target_2	RNA duplex	0.45455	0.01515	0.01515	0.0	0.0	0.0	0.0	0.01515	0.0	0.0	0.0	0.0	0.0	0.0	0.0	0.0	0.0	0.0	0.0	0.0	0.0	0.0	0.0	0.0	0.45455	0.0	0.0	0.0	0.01515	0.0	0.01515	0.01515	
Target_196	A10-RNA-WT QGRS in ADAM10 mRNA	0.0	0.0	0.0	0.0	0.0	0.0	0.03571	0.10714	0.0	0.07143	0.07143	0.0	0.0	0.0	0.03571	0.53571	0.0	0.0	0.0	0.0	0.07143	0.0	0.0	0.0	0.0	0.0	0.0	0.0	0.0	0.0	0.0	0.07143	
Target_197	A10-RNA-WT QGRS in ADAM10 mRNA Mutant	0.0	0.0	0.0	0.0	0.0	0.0	0.03571	0.10714	0.0	0.07143	0.07143	0.0	0.0	0.0	0.03571	0.53571	0.0	0.0	0.0	0.0	0.07143	0.0	0.0	0.0	0.0	0.0	0.0	0.0	0.0	0.0	0.0	0.07143	
Target_198	DDPAC MAPT A Bulge	0.13043	0.0	0.0	0.04348	0.0	0.0	0.0	0.04348	0.17391	0.04348	0.0	0.0	0.04348	0.0	0.0	0.0	0.08696	0.04348	0.0	0.0	0.0	0.0	0.04348	0.04348	0.21739	0.0	0.04348	0.0	0.04348	0.0	0.0	0.0	
Target_199	DDPAC + I17T Mutant	0.13043	0.0	0.0	0.04348	0.0	0.0	0.0	0.04348	0.17391	0.04348	0.0	0.0	0.04348	0.0	0.0	0.0	0.08696	0.04348	0.0	0.0	0.0	0.0	0.04348	0.04348	0.21739	0.0	0.04348	0.0	0.04348	0.0	0.0	0.0	
Target_200	MAPT A WT	0.13043	0.0	0.0	0.04348	0.0	0.0	0.0	0.04348	0.17391	0.04348	0.0	0.0	0.04348	0.0	0.0	0.0	0.08696	0.04348	0.0	0.0	0.0	0.0	0.04348	0.04348	0.21739	0.0	0.04348	0.0	0.04348	0.0	0.0	0.0	
Target_207	Fully Paired RNA	0.11321	0.01887	0.03774	0.01887	0.0	0.0	0.0566	0.07547	0.09434	0.01887	0.03774	0.01887	0.03774	0.03774	0.0	0.0566	0.03774	0.03774	0.0	0.0	0.01887	0.03774	0.01887	0.0	0.16981	0.0	0.0	0.03774	0.01887	0.0	0.0	0.0	
Target_208	1 X 1 UU Hairpin	0.0	0.0	0.0	0.0	0.0	0.0	0.0625	0.125	0.125	0.0625	0.0625	0.0	0.125	0.0	0.0	0.0	0.125	0.125	0.0	0.0	0.0625	0.0	0.0	0.0	0.0	0.0	0.0	0.125	0.0	0.0	0.0	0.0	
Target_209	AU stem	0.0625	0.0	0.0	0.0	0.0	0.0	0.0625	0.125	0.25	0.0625	0.0625	0.0	0.0	0.0	0.0	0.0	0.25	0.0	0.0	0.0	0.0625	0.0	0.0	0.0	0.0625	0.0	0.0	0.0	0.0	0.0	0.0	0.0	
Target_211	GC Stem Loop	0.0	0.0	0.0	0.0	0.0	0.0	0.05556	0.11111	0.33333	0.0	0.05556	0.0	0.05556	0.0	0.0	0.0	0.33333	0.05556	0.0	0.0	0.0	0.0	0.0	0.0	0.0	0.0	0.0	0.0	0.0	0.0	0.0	0.0	
Target_212	AT Hairpin DNA	0.15385	0.0	0.0	0.0	0.0	0.0	0.0	0.0	0.23077	0.03846	0.0	0.0	0.0	0.0	0.0	0.0	0.23077	0.0	0.0	0.0	0.03846	0.0	0.0	0.0	0.15385	0.0	0.03846	0.0	0.0	0.0	0.03846	0.07692	
Target_223	G_U/CUA Bulge in miR-18a	0.08108	0.0	0.02703	0.02703	0.02703	0.0	0.05405	0.08108	0.13514	0.0	0.02703	0.02703	0.05405	0.02703	0.0	0.08108	0.02703	0.08108	0.0	0.0	0.0	0.02703	0.0	0.0	0.18919	0.0	0.0	0.02703	0.0	0.0	0.0	0.0	
Target_224	GAU/CUA Stem Mutant	0.13158	0.0	0.02632	0.02632	0.0	0.0	0.05263	0.07895	0.13158	0.0	0.02632	0.02632	0.05263	0.02632	0.0	0.07895	0.05263	0.05263	0.0	0.0	0.0	0.02632	0.0	0.0	0.21053	0.0	0.0	0.0	0.0	0.0	0.0	0.0	
Target_225	GAU/A_C Bulge in miR-18a	0.10811	0.0	0.02703	0.05405	0.0	0.0	0.05405	0.08108	0.10811	0.02703	0.02703	0.02703	0.05405	0.02703	0.0	0.08108	0.05405	0.05405	0.0	0.0	0.0	0.02703	0.0	0.0	0.16216	0.0	0.0	0.0	0.02703	0.0	0.0	0.0	
Target_226	GGU/A_C Bulge Mutant	0.10811	0.0	0.02703	0.02703	0.0	0.0	0.05405	0.08108	0.10811	0.02703	0.02703	0.05405	0.05405	0.02703	0.0	0.08108	0.05405	0.05405	0.0	0.0	0.0	0.02703	0.0	0.0	0.16216	0.0	0.0	0.0	0.02703	0.0	0.0	0.0	
Target_232	G4C2 repeat G-quadruplex RNA	0.0	0.0	0.0	0.0	0.0	0.0	0.0	0.0	0.0	0.16355	0.0	0.3271	0.16355	0.00467	0.00467	0.00467	0.0	0.15888	0.00467	0.0	0.16355	0.00467	0.0	0.0	0.0	0.0	0.0	0.0	0.0	0.0	0.0	0.0	
Target_235	5′CAG/3′GAC x 2 repeat RNA	0.09302	0.02326	0.02326	0.02326	0.02326	0.0	0.04651	0.11628	0.09302	0.0	0.04651	0.02326	0.04651	0.02326	0.02326	0.04651	0.02326	0.04651	0.02326	0.0	0.0	0.02326	0.02326	0.0	0.16279	0.02326	0.0	0.0	0.02326	0.0	0.0	0.0	
Target_236	5′CAG/3′GAC x 3 repeat RNA	0.09302	0.02326	0.02326	0.02326	0.02326	0.0	0.04651	0.11628	0.09302	0.0	0.04651	0.02326	0.04651	0.02326	0.02326	0.04651	0.02326	0.04651	0.02326	0.0	0.0	0.02326	0.02326	0.0	0.16279	0.02326	0.0	0.0	0.02326	0.0	0.0	0.0	
Target_237	5′CAG/3′GAC x 4 repeat RNA	0.09302	0.02326	0.02326	0.02326	0.02326	0.0	0.04651	0.11628	0.09302	0.0	0.04651	0.02326	0.04651	0.02326	0.02326	0.04651	0.02326	0.04651	0.02326	0.0	0.0	0.02326	0.02326	0.0	0.16279	0.02326	0.0	0.0	0.02326	0.0	0.0	0.0	
Target_238	5′CAG/3′GAC x 5 repeat RNA	0.09302	0.02326	0.02326	0.02326	0.02326	0.0	0.04651	0.11628	0.09302	0.0	0.04651	0.02326	0.04651	0.02326	0.02326	0.04651	0.02326	0.04651	0.02326	0.0	0.0	0.02326	0.02326	0.0	0.16279	0.02326	0.0	0.0	0.02326	0.0	0.0	0.0	
Target_234	5'CAG/3'GUC x 6 repeat RNA	0.09302	0.02326	0.02326	0.02326	0.02326	0.02326	0.04651	0.06977	0.09302	0.0	0.02326	0.06977	0.04651	0.02326	0.0	0.04651	0.02326	0.04651	0.0	0.04651	0.0	0.02326	0.0	0.0	0.16279	0.02326	0.0	0.0	0.02326	0.02326	0.0	0.0	
Target_239	5′CAG/3′GAC x 33 repeat RNA	0.09302	0.02326	0.02326	0.02326	0.02326	0.0	0.04651	0.11628	0.09302	0.0	0.04651	0.02326	0.04651	0.02326	0.02326	0.04651	0.02326	0.04651	0.02326	0.0	0.0	0.02326	0.02326	0.0	0.16279	0.02326	0.0	0.0	0.02326	0.0	0.0	0.0	
Target_240	5′CAG/3′GAC internal loop	0.09302	0.02326	0.02326	0.02326	0.02326	0.0	0.04651	0.11628	0.09302	0.0	0.04651	0.02326	0.04651	0.02326	0.02326	0.04651	0.02326	0.04651	0.02326	0.0	0.0	0.02326	0.02326	0.0	0.16279	0.02326	0.0	0.0	0.02326	0.0	0.0	0.0	
Target_241	5'CAG/3'GUC internal loop	0.09302	0.02326	0.02326	0.02326	0.02326	0.02326	0.04651	0.06977	0.09302	0.0	0.02326	0.06977	0.04651	0.02326	0.0	0.04651	0.02326	0.04651	0.0	0.04651	0.0	0.02326	0.0	0.0	0.16279	0.02326	0.0	0.0	0.02326	0.02326	0.0	0.0	
Target_242	KRAS RNA G-quadruplex utr-1	0.0	0.0	0.07692	0.0	0.0	0.0	0.0	0.0	0.0	0.0	0.15385	0.0	0.07692	0.07692	0.23077	0.07692	0.0	0.15385	0.0	0.0	0.0	0.07692	0.0	0.07692	0.0	0.0	0.0	0.0	0.0	0.0	0.0	0.0	
Target_243	KRAS RNA G-quadruplex utr-z	0.0	0.0	0.0	0.0	0.0	0.0	0.0	0.05556	0.0	0.0	0.11111	0.11111	0.22222	0.0	0.05556	0.11111	0.0	0.22222	0.0	0.0	0.0	0.0	0.0	0.05556	0.0	0.0	0.0	0.0	0.0	0.0	0.0	0.05556	
Target_244	KRAS RNA G-quadruplex utr-4	0.0	0.0	0.05263	0.05263	0.0	0.0	0.05263	0.0	0.0	0.0	0.05263	0.05263	0.21053	0.0	0.05263	0.15789	0.0	0.21053	0.0	0.0	0.0	0.0	0.0	0.05263	0.0	0.0	0.0	0.0	0.0	0.0	0.0	0.05263	
Target_245	RNA Hairpin	0.0	0.0	0.0625	0.0	0.0	0.0	0.0	0.0	0.3125	0.0	0.0	0.0	0.0625	0.0	0.0625	0.0625	0.3125	0.0625	0.0	0.0	0.0	0.0	0.0	0.0	0.0	0.0	0.0	0.0	0.0	0.0	0.0	0.0625	
Target_248	Oligo-4, an AGGAAG-containing RNA 15-mer	0.0	0.0	0.0	0.0	0.0	0.0	0.0	0.30769	0.0	0.0	0.0	0.0	0.0	0.0	0.0	0.46154	0.0	0.0	0.0	0.0	0.0	0.0	0.0	0.07692	0.0	0.0	0.0	0.0	0.0	0.0	0.0	0.15385	
Target_249	Oligo-7, an AAGGAG-containing RNA 15-mer	0.0	0.0	0.0	0.0	0.0	0.0	0.0	0.46154	0.0	0.0	0.0	0.0	0.0	0.0	0.0	0.30769	0.0	0.0	0.0	0.0	0.0	0.0	0.0	0.0	0.0	0.0	0.0	0.0	0.0	0.0	0.0	0.23077	
Target_250	Oligo-1, a pyrimidine-rich RNA 15-mer	0.0	0.0	0.0	0.0	0.0	0.0	0.0	0.07692	0.0	0.0	0.0	0.0	0.0	0.0	0.0	0.0	0.0	0.0	0.0	0.0	0.0	0.0	0.0	0.23077	0.0	0.0	0.0	0.0	0.0	0.0	0.0	0.69231	
Target_251	Oligo-2, an RNA 15-mer	0.0	0.0	0.0	0.0	0.0	0.0	0.0	0.46154	0.0	0.0	0.0	0.0	0.0	0.0	0.0	0.15385	0.0	0.0	0.0	0.0	0.0	0.0	0.0	0.07692	0.0	0.0	0.0	0.0	0.0	0.0	0.0	0.30769	
Target_252	Oligo-3, a purine-rich RNA 15-mer	0.0	0.0	0.0	0.0	0.0	0.0	0.0	0.76923	0.0	0.0	0.0	0.0	0.0	0.0	0.0	0.07692	0.0	0.0	0.0	0.0	0.0	0.0	0.0	0.07692	0.0	0.0	0.0	0.0	0.0	0.0	0.0	0.07692	
Target_253	Oligo-5, an RNA 15-mer	0.0	0.0	0.0	0.0	0.0	0.0	0.0	0.15385	0.0	0.0	0.0	0.0	0.0	0.0	0.0	0.07692	0.0	0.0	0.0	0.0	0.0	0.0	0.0	0.38462	0.0	0.0	0.0	0.0	0.0	0.0	0.0	0.38462	
Target_254	Oligo-6, an RNA 15-mer	0.15385	0.07692	0.15385	0.0	0.0	0.0	0.0	0.07692	0.07692	0.07692	0.0	0.0	0.0	0.0	0.0	0.0	0.07692	0.0	0.0	0.0	0.0	0.0	0.0	0.0	0.15385	0.0	0.0	0.0	0.07692	0.0	0.07692	0.0	
Target_256	Telomeric DNA G-quadruplex (HTG22)	0.0	0.0	0.0	0.0	0.0	0.0	0.0	0.125	0.0	0.0	0.0	0.0	0.0	0.0	0.0	0.625	0.0	0.0	0.0	0.0	0.0	0.0	0.0	0.0	0.0	0.0	0.0	0.0	0.0	0.0	0.0	0.25	
Target_255	TERRA G-quadruplex (TERRA22)	0.0	0.0	0.0	0.0	0.0	0.0	0.0	0.15	0.0	0.0	0.0	0.0	0.0	0.0	0.0	0.55	0.0	0.0	0.0	0.0	0.0	0.0	0.0	0.0	0.0	0.0	0.0	0.0	0.0	0.0	0.0	0.3	
Target_258	BCL2 RNA G-quadruplex	0.0	0.0	0.0	0.0	0.0	0.0	0.0	0.04167	0.04167	0.08333	0.04167	0.08333	0.04167	0.0	0.08333	0.33333	0.0	0.04167	0.0	0.0	0.08333	0.0	0.0	0.0	0.04167	0.0	0.0	0.0	0.04167	0.0	0.0	0.04167	
Target_259	NRAS RNA G-quadruplex	0.0	0.05263	0.0	0.0	0.0	0.0	0.0	0.0	0.05263	0.0	0.05263	0.10526	0.05263	0.05263	0.10526	0.26316	0.05263	0.0	0.0	0.0	0.0	0.0	0.0	0.05263	0.0	0.05263	0.0	0.0	0.05263	0.05263	0.0	0.0	
Target_260	Pu22 DNA G-quadruplex	0.0	0.0	0.0	0.0	0.0	0.0	0.0	0.15	0.0	0.0	0.0	0.0	0.0	0.0	0.0	0.65	0.0	0.0	0.0	0.0	0.0	0.0	0.0	0.0	0.0	0.0	0.0	0.0	0.0	0.0	0.0	0.2	
Target_261	TRF2:Telomeric duplex DNA (hTELO-dup)	0.0	0.0	0.0	0.0	0.0	0.0	0.0	0.125	0.0	0.0	0.0	0.0	0.0	0.0	0.0	0.625	0.0	0.0	0.0	0.0	0.0	0.0	0.0	0.0	0.0	0.0	0.0	0.0	0.0	0.0	0.0	0.25	
Target_262	TRF2:TERRA G-quadruplex (TERRA22):Telomeric duplex DNA (hTELO-dup)	0.0	0.0	0.0	0.0	0.0	0.0	0.0	0.125	0.0	0.0	0.0	0.0	0.0	0.0	0.0	0.625	0.0	0.0	0.0	0.0	0.0	0.0	0.0	0.0	0.0	0.0	0.0	0.0	0.0	0.0	0.0	0.25	
Target_284	SMN2 pre-mRNA GA-rich sequence	0.06818	0.02273	0.02273	0.02273	0.06818	0.0	0.02273	0.15909	0.09091	0.02273	0.02273	0.0	0.02273	0.0	0.0	0.06818	0.09091	0.0	0.02273	0.0	0.0	0.0	0.02273	0.0	0.11364	0.06818	0.0	0.02273	0.02273	0.0	0.02273	0.0	
Target_285	Seq20	0.16667	0.0	0.0	0.0	0.04167	0.0	0.0	0.0	0.20833	0.0	0.0	0.0	0.0	0.0	0.04167	0.0	0.20833	0.0	0.0	0.0	0.0	0.0	0.0	0.04167	0.16667	0.04167	0.04167	0.0	0.0	0.0	0.0	0.04167	
Target_286	Seq21	0.04	0.0	0.0	0.0	0.04	0.0	0.0	0.16	0.24	0.0	0.04	0.0	0.0	0.0	0.04	0.12	0.24	0.0	0.0	0.0	0.0	0.0	0.0	0.0	0.04	0.04	0.0	0.0	0.0	0.0	0.0	0.0	
Target_287	Seq22	0.07407	0.0	0.0	0.0	0.0	0.0	0.0	0.14815	0.11111	0.03704	0.0	0.0	0.0	0.0	0.03704	0.18519	0.11111	0.03704	0.0	0.0	0.03704	0.0	0.0	0.03704	0.07407	0.0	0.07407	0.0	0.0	0.0	0.0	0.03704	
Target_288	Seq23	0.05714	0.0	0.0	0.0	0.02857	0.0	0.0	0.11429	0.22857	0.0	0.02857	0.0	0.0	0.0	0.05714	0.08571	0.17143	0.02857	0.0	0.0	0.02857	0.0	0.0	0.02857	0.05714	0.02857	0.02857	0.0	0.0	0.0	0.0	0.02857	
Target_307	J6f1 RNA	0.07895	0.0	0.02632	0.02632	0.02632	0.0	0.02632	0.02632	0.23684	0.0	0.0	0.0	0.02632	0.0	0.0	0.02632	0.13158	0.02632	0.0	0.0	0.02632	0.0	0.0	0.02632	0.13158	0.05263	0.02632	0.0	0.0	0.0	0.02632	0.05263	
Target_308	J6fd6 RNA	0.13158	0.02632	0.02632	0.0	0.0	0.0	0.0	0.02632	0.18421	0.0	0.02632	0.0	0.02632	0.0	0.0	0.02632	0.13158	0.0	0.0	0.0	0.0	0.0	0.02632	0.05263	0.18421	0.02632	0.0	0.0	0.02632	0.0	0.02632	0.05263	
Target_309	J6f15 RNA	0.07895	0.0	0.02632	0.02632	0.02632	0.0	0.02632	0.0	0.23684	0.0	0.0	0.0	0.02632	0.0	0.0	0.05263	0.13158	0.02632	0.0	0.0	0.02632	0.0	0.0	0.02632	0.13158	0.05263	0.02632	0.0	0.0	0.0	0.02632	0.05263	
Target_310	J6f16 RNA	0.07895	0.0	0.02632	0.02632	0.02632	0.0	0.02632	0.05263	0.23684	0.0	0.0	0.0	0.02632	0.0	0.0	0.0	0.13158	0.02632	0.0	0.0	0.02632	0.0	0.0	0.02632	0.13158	0.05263	0.02632	0.0	0.0	0.0	0.02632	0.05263	
Target_311	J6f17 RNA	0.07895	0.0	0.02632	0.02632	0.02632	0.0	0.02632	0.02632	0.23684	0.0	0.0	0.0	0.02632	0.0	0.0	0.02632	0.13158	0.02632	0.0	0.0	0.02632	0.0	0.0	0.0	0.13158	0.05263	0.02632	0.0	0.0	0.0	0.02632	0.07895	
Target_334	(5'CAG/3'GGC) x 1	0.13333	0.0	0.02222	0.04444	0.0	0.0	0.04444	0.06667	0.13333	0.0	0.02222	0.02222	0.06667	0.02222	0.0	0.06667	0.04444	0.06667	0.0	0.0	0.0	0.02222	0.0	0.0	0.22222	0.0	0.0	0.0	0.0	0.0	0.0	0.0	
Target_335	(5'CCG/3'GAC) x 1	0.13333	0.0	0.02222	0.04444	0.0	0.0	0.04444	0.06667	0.08889	0.0	0.02222	0.02222	0.08889	0.02222	0.0	0.06667	0.02222	0.06667	0.02222	0.0	0.0	0.02222	0.02222	0.0	0.2	0.02222	0.0	0.0	0.0	0.0	0.0	0.0	
Target_336	(5'CGG/3'GAC) x 1	0.13333	0.0	0.02222	0.04444	0.0	0.0	0.04444	0.06667	0.08889	0.0	0.02222	0.02222	0.08889	0.02222	0.02222	0.06667	0.02222	0.06667	0.02222	0.0	0.0	0.02222	0.0	0.0	0.2	0.02222	0.0	0.0	0.0	0.0	0.0	0.0	
Target_337	(5'CCG/3'GUC) x 1	0.13333	0.0	0.02222	0.02222	0.0	0.0	0.04444	0.06667	0.08889	0.0	0.02222	0.02222	0.08889	0.02222	0.0	0.06667	0.02222	0.06667	0.02222	0.0	0.0	0.02222	0.02222	0.0	0.2	0.02222	0.0	0.02222	0.0	0.0	0.0	0.0	
Target_338	(5'CAG/3'GCC) x 1	0.13333	0.0	0.02222	0.02222	0.0	0.0	0.06667	0.06667	0.08889	0.0	0.02222	0.02222	0.08889	0.02222	0.0	0.06667	0.02222	0.06667	0.02222	0.02222	0.0	0.02222	0.0	0.0	0.2	0.02222	0.0	0.0	0.0	0.0	0.0	0.0	
Target_339	(5'CUG/3'GCC) x 1	0.13333	0.0	0.02222	0.02222	0.0	0.0	0.04444	0.06667	0.08889	0.0	0.02222	0.02222	0.08889	0.02222	0.0	0.06667	0.02222	0.06667	0.02222	0.02222	0.0	0.02222	0.0	0.0	0.2	0.02222	0.0	0.0	0.0	0.0	0.02222	0.0	
Target_340	(5'CGG/3'GCC) x 1	0.13333	0.0	0.02222	0.02222	0.0	0.0	0.04444	0.06667	0.13333	0.02222	0.02222	0.04444	0.04444	0.02222	0.0	0.06667	0.06667	0.04444	0.0	0.0	0.0	0.02222	0.0	0.0	0.2	0.0	0.0	0.0	0.02222	0.0	0.0	0.0	
Target_341	(5'CAG/3'GAC) x 1	0.13333	0.0	0.02222	0.04444	0.0	0.0	0.06667	0.06667	0.08889	0.0	0.02222	0.02222	0.08889	0.02222	0.0	0.06667	0.02222	0.06667	0.02222	0.0	0.0	0.02222	0.0	0.0	0.2	0.02222	0.0	0.0	0.0	0.0	0.0	0.0	
Target_342	(5'CCG/3'GGC) x 1	0.13333	0.0	0.02222	0.02222	0.0	0.0	0.04444	0.06667	0.15556	0.0	0.02222	0.02222	0.04444	0.02222	0.0	0.06667	0.06667	0.04444	0.0	0.0	0.02222	0.02222	0.0	0.0	0.17778	0.02222	0.0	0.02222	0.0	0.0	0.0	0.0	
Target_343	(5'CUG/3'GUC) x 1	0.13333	0.0	0.02222	0.02222	0.0	0.0	0.04444	0.06667	0.08889	0.0	0.02222	0.02222	0.08889	0.02222	0.0	0.06667	0.02222	0.06667	0.02222	0.0	0.0	0.02222	0.0	0.0	0.2	0.02222	0.0	0.02222	0.0	0.0	0.02222	0.0	
Target_344	(5'CAG/3'CUG) x 1	0.15556	0.0	0.02222	0.02222	0.0	0.0	0.04444	0.06667	0.13333	0.0	0.02222	0.02222	0.04444	0.02222	0.0	0.06667	0.04444	0.04444	0.0	0.0	0.02222	0.02222	0.0	0.0	0.2	0.02222	0.0	0.02222	0.0	0.0	0.0	0.0	
Target_345	(5'CGG/3'GGC) x1	0.13333	0.0	0.02222	0.02222	0.0	0.0	0.04444	0.06667	0.13333	0.02222	0.02222	0.04444	0.04444	0.02222	0.0	0.06667	0.06667	0.04444	0.0	0.0	0.0	0.02222	0.0	0.0	0.2	0.0	0.0	0.0	0.02222	0.0	0.0	0.0	
Target_346	(5'CAG/3'GUC) x1	0.15556	0.0	0.02222	0.02222	0.0	0.0	0.04444	0.06667	0.13333	0.0	0.02222	0.02222	0.04444	0.02222	0.0	0.06667	0.04444	0.04444	0.0	0.0	0.02222	0.02222	0.0	0.0	0.2	0.02222	0.0	0.02222	0.0	0.0	0.0	0.0	
Target_372	B12.9	0.02703	0.02703	0.05405	0.02703	0.0	0.0	0.05405	0.05405	0.08108	0.05405	0.02703	0.02703	0.05405	0.0	0.0	0.05405	0.08108	0.02703	0.0	0.0	0.05405	0.0	0.0	0.16216	0.02703	0.02703	0.0	0.0	0.02703	0.0	0.0	0.05405	
Target_375	RNA hairpin loop I	0.0	0.0	0.0	0.0	0.0	0.0	0.08333	0.16667	0.25	0.0	0.08333	0.0	0.08333	0.0	0.0	0.0	0.25	0.08333	0.0	0.0	0.0	0.0	0.0	0.0	0.0	0.0	0.0	0.0	0.0	0.0	0.0	0.0	
Target_376	RNA hairpin loop Ib	0.0	0.0	0.0	0.0	0.0	0.0	0.0	0.0	0.25	0.0	0.0	0.0	0.08333	0.0	0.08333	0.0	0.25	0.08333	0.0	0.0	0.0	0.0	0.0	0.08333	0.0	0.0	0.08333	0.0	0.0	0.0	0.0	0.08333	
Target_377	RNA hairpin loop II	0.0	0.0	0.07143	0.0	0.0	0.0	0.07143	0.0	0.21429	0.0	0.0	0.0	0.07143	0.0	0.0	0.14286	0.21429	0.07143	0.0	0.0	0.0	0.0	0.0	0.0	0.0	0.0	0.0	0.0	0.0	0.0	0.0	0.14286	
Target_378	RNA hairpin loop III	0.0	0.0	0.06667	0.0	0.0	0.0	0.06667	0.06667	0.2	0.0	0.0	0.0	0.06667	0.0	0.0	0.13333	0.2	0.06667	0.0	0.0	0.0	0.0	0.0	0.0	0.0	0.0	0.0	0.0	0.0	0.0	0.0	0.13333	
Target_379	RNA hairpin loop IIIa	0.0	0.0	0.06667	0.0	0.0	0.0	0.06667	0.13333	0.2	0.0	0.0	0.0	0.06667	0.0	0.0	0.06667	0.2	0.06667	0.0	0.0	0.0	0.0	0.0	0.06667	0.0	0.0	0.0	0.0	0.0	0.0	0.0	0.06667	
Target_380	RNA hairpin loop IIIb	0.0	0.0	0.06667	0.0	0.0	0.0	0.06667	0.2	0.2	0.0	0.0	0.0	0.06667	0.0	0.0	0.0	0.2	0.06667	0.0	0.0	0.0	0.0	0.0	0.13333	0.0	0.0	0.0	0.0	0.0	0.0	0.0	0.0	
Target_381	RNA hairpin loop IV	0.0	0.0	0.0625	0.0	0.0	0.0	0.0625	0.0625	0.1875	0.0	0.0	0.0	0.0625	0.0	0.0	0.125	0.1875	0.0625	0.0	0.0	0.0	0.0	0.0	0.0625	0.0	0.0	0.0	0.0	0.0	0.0	0.0	0.125	
Target_382	RNA hairpin loop Iva	0.0	0.0	0.0	0.0	0.0	0.0	0.0	0.0625	0.1875	0.0	0.0	0.0	0.0625	0.0	0.0	0.1875	0.1875	0.0625	0.0	0.0	0.0	0.0	0.0	0.0625	0.0	0.0	0.0625	0.0	0.0	0.0	0.0625	0.0625	
Target_383	Aptamer mutant C25	0.08333	0.0	0.02778	0.02778	0.0	0.0	0.05556	0.08333	0.11111	0.08333	0.05556	0.0	0.05556	0.0	0.0	0.02778	0.16667	0.02778	0.0	0.0	0.05556	0.0	0.0	0.02778	0.08333	0.0	0.0	0.0	0.0	0.0	0.02778	0.0	
Target_384	Aptamer mutant G25	0.08333	0.0	0.02778	0.02778	0.0	0.0	0.05556	0.08333	0.11111	0.08333	0.05556	0.0	0.05556	0.0	0.0	0.05556	0.16667	0.02778	0.0	0.0	0.05556	0.0	0.0	0.0	0.08333	0.0	0.0	0.0	0.0	0.0	0.02778	0.0	
Target_385	Aptamer mutant A25	0.08333	0.0	0.02778	0.02778	0.0	0.0	0.05556	0.11111	0.11111	0.08333	0.05556	0.0	0.05556	0.0	0.0	0.02778	0.16667	0.02778	0.0	0.0	0.05556	0.0	0.0	0.0	0.08333	0.0	0.0	0.0	0.0	0.0	0.02778	0.0	
Target_386	Aptamer mutant C9	0.08333	0.0	0.02778	0.0	0.0	0.0	0.02778	0.11111	0.16667	0.0	0.02778	0.0	0.08333	0.0	0.0	0.05556	0.16667	0.05556	0.0	0.02778	0.0	0.0	0.0	0.02778	0.08333	0.02778	0.0	0.0	0.0	0.0	0.02778	0.0	
Target_387	Aptamer mutant G9	0.08333	0.0	0.02778	0.0	0.0	0.0	0.05556	0.08333	0.11111	0.08333	0.05556	0.02778	0.05556	0.0	0.0	0.02778	0.16667	0.02778	0.0	0.0	0.05556	0.0	0.0	0.0	0.08333	0.0	0.0	0.0	0.0	0.0	0.02778	0.02778	
Target_388	Aptamer mutant U9	0.08333	0.0	0.02778	0.0	0.02778	0.0	0.05556	0.05556	0.13889	0.05556	0.05556	0.0	0.05556	0.0	0.0	0.02778	0.22222	0.02778	0.0	0.0	0.0	0.0	0.0	0.0	0.11111	0.0	0.0	0.0	0.0	0.0	0.02778	0.02778	
Target_389	Aptamer mutant G30	0.08333	0.0	0.0	0.02778	0.0	0.0	0.05556	0.08333	0.11111	0.08333	0.08333	0.0	0.05556	0.0	0.0	0.02778	0.16667	0.02778	0.0	0.0	0.05556	0.0	0.0	0.0	0.08333	0.0	0.0	0.0	0.0	0.0	0.02778	0.02778	
Target_390	Aptamer mutant C30	0.08333	0.0	0.0	0.02778	0.0	0.0	0.05556	0.08333	0.11111	0.08333	0.05556	0.0	0.05556	0.0	0.0	0.02778	0.16667	0.02778	0.02778	0.0	0.05556	0.0	0.0	0.0	0.08333	0.0	0.0	0.0	0.0	0.0	0.02778	0.02778	
Target_391	Aptamer mutant U30	0.08333	0.0	0.0	0.02778	0.0	0.0	0.05556	0.08333	0.11111	0.08333	0.05556	0.0	0.05556	0.0	0.0	0.02778	0.16667	0.02778	0.0	0.0	0.05556	0.0	0.0	0.0	0.08333	0.0	0.02778	0.0	0.0	0.0	0.02778	0.02778	
Target_392	Aptamer mutant C27	0.08333	0.0	0.0	0.0	0.0	0.0	0.02778	0.13889	0.13889	0.0	0.05556	0.0	0.02778	0.0	0.0	0.11111	0.11111	0.08333	0.02778	0.0	0.0	0.0	0.02778	0.02778	0.05556	0.0	0.0	0.0	0.02778	0.0	0.0	0.05556	
Target_393	Aptamer mutant G27	0.08333	0.0	0.0	0.0	0.0	0.0	0.08333	0.08333	0.11111	0.02778	0.08333	0.0	0.05556	0.02778	0.0	0.05556	0.13889	0.05556	0.02778	0.0	0.02778	0.0	0.0	0.0	0.08333	0.0	0.0	0.0	0.0	0.0	0.02778	0.02778	
Target_394	Aptamer mutant U27	0.11111	0.0	0.02778	0.0	0.0	0.0	0.05556	0.05556	0.13889	0.05556	0.05556	0.0	0.05556	0.0	0.0	0.02778	0.22222	0.02778	0.0	0.0	0.0	0.0	0.0	0.0	0.08333	0.0	0.0	0.0	0.02778	0.0	0.02778	0.02778	
Target_395	Aptamer mutant G10C23	0.08333	0.0	0.02778	0.02778	0.0	0.0	0.05556	0.08333	0.11111	0.05556	0.05556	0.0	0.08333	0.0	0.0	0.02778	0.16667	0.05556	0.0	0.0	0.02778	0.0	0.0	0.0	0.08333	0.0	0.0	0.0	0.0	0.0	0.02778	0.02778	
Target_396	Aptamer mutant G26	0.08333	0.0	0.02778	0.0	0.0	0.0	0.05556	0.08333	0.11111	0.02778	0.08333	0.0	0.05556	0.02778	0.0	0.05556	0.13889	0.05556	0.0	0.0	0.02778	0.0	0.0	0.02778	0.08333	0.0	0.0	0.0	0.0	0.0	0.05556	0.0	
Target_397	Aptamer mutant U26	0.08333	0.0	0.02778	0.02778	0.0	0.0	0.05556	0.05556	0.11111	0.08333	0.05556	0.0	0.05556	0.0	0.0	0.02778	0.16667	0.02778	0.0	0.0	0.05556	0.0	0.0	0.0	0.08333	0.0	0.0	0.0	0.0	0.0	0.02778	0.05556	
Target_398	Aptamer mutant C26	0.08333	0.02778	0.02778	0.0	0.0	0.0	0.02778	0.08333	0.11111	0.0	0.02778	0.02778	0.11111	0.0	0.0	0.05556	0.13889	0.08333	0.0	0.02778	0.0	0.0	0.0	0.02778	0.11111	0.0	0.0	0.0	0.0	0.0	0.02778	0.0	
Target_399	Aptamer mutant A11U22	0.08333	0.0	0.02778	0.02778	0.0	0.0	0.05556	0.08333	0.11111	0.08333	0.05556	0.0	0.05556	0.0	0.0	0.02778	0.16667	0.02778	0.0	0.0	0.05556	0.0	0.0	0.0	0.08333	0.0	0.0	0.0	0.0	0.0	0.02778	0.02778	
Target_400	Aptamer mutant C24	0.08333	0.0	0.02778	0.02778	0.0	0.0	0.05556	0.08333	0.11111	0.08333	0.02778	0.0	0.05556	0.0	0.0	0.02778	0.16667	0.02778	0.02778	0.0	0.05556	0.0	0.0	0.0	0.08333	0.0	0.0	0.0	0.0	0.0	0.02778	0.02778	
Target_401	Aptamer mutant G31	0.08333	0.0	0.0	0.0	0.0	0.0	0.08333	0.08333	0.11111	0.02778	0.08333	0.0	0.05556	0.02778	0.0	0.05556	0.13889	0.05556	0.0	0.0	0.02778	0.0	0.0	0.02778	0.08333	0.0	0.0	0.02778	0.0	0.0	0.0	0.02778	
Target_402	Aptamer mutant C31	0.08333	0.0	0.02778	0.02778	0.0	0.0	0.05556	0.05556	0.11111	0.08333	0.05556	0.0	0.05556	0.0	0.0	0.02778	0.16667	0.02778	0.0	0.0	0.05556	0.0	0.0	0.02778	0.08333	0.0	0.0	0.0	0.0	0.0	0.02778	0.02778	
Target_403	Aptamer mutant U31	0.08333	0.0	0.02778	0.02778	0.0	0.0	0.05556	0.05556	0.11111	0.08333	0.05556	0.0	0.05556	0.0	0.0	0.02778	0.16667	0.02778	0.0	0.0	0.05556	0.0	0.0	0.0	0.08333	0.0	0.0	0.0	0.0	0.0	0.02778	0.05556	
Target_404	Aptamer mutant C8G28	0.08333	0.0	0.02778	0.02778	0.0	0.0	0.05556	0.08333	0.11111	0.05556	0.05556	0.0	0.08333	0.0	0.0	0.02778	0.16667	0.05556	0.0	0.0	0.02778	0.0	0.0	0.0	0.08333	0.0	0.0	0.0	0.0	0.0	0.02778	0.02778	
Target_407	E. coli transglycosidase mRNA	0.04545	0.0	0.04545	0.0	0.0	0.0	0.0	0.22727	0.04545	0.0	0.0	0.0	0.09091	0.0	0.0	0.09091	0.04545	0.04545	0.04545	0.0	0.0	0.0	0.09091	0.09091	0.04545	0.04545	0.0	0.0	0.0	0.0	0.0	0.04545	
Target_410	human tyrosine sulfotransferase mRNA	0.0	0.03226	0.03226	0.0	0.0	0.0	0.03226	0.25806	0.03226	0.0	0.0	0.0	0.03226	0.0	0.0	0.03226	0.03226	0.03226	0.0	0.0	0.0	0.0	0.03226	0.32258	0.0	0.0	0.0	0.0	0.03226	0.0	0.0	0.09677	
Target_436	Duplex RNA	0.0	0.0	0.0	0.0	0.0	0.0	0.0	0.1	0.0	0.0	0.0	0.0	0.0	0.0	0.0	0.0	0.0	0.0	0.0	0.0	0.0	0.0	0.0	0.5	0.0	0.0	0.0	0.0	0.0	0.0	0.0	0.4	
Target_437	Single_stranded_RNA	0.0	0.0	0.0	0.0	0.0	0.0	0.0	0.1	0.0	0.0	0.0	0.0	0.0	0.0	0.0	0.0	0.0	0.0	0.0	0.0	0.0	0.0	0.0	0.5	0.0	0.0	0.0	0.0	0.0	0.0	0.0	0.4	
Target_438	SL3_duplex_RNA	0.14286	0.07143	0.0	0.0	0.0	0.0	0.0	0.0	0.14286	0.0	0.07143	0.0	0.0	0.0	0.0	0.07143	0.14286	0.0	0.0	0.0	0.0	0.0	0.07143	0.07143	0.14286	0.0	0.0	0.0	0.07143	0.0	0.0	0.0	
Target_439	SL4 RNA	0.0	0.0	0.0	0.0	0.0	0.0	0.08333	0.08333	0.25	0.0	0.08333	0.0	0.08333	0.0	0.0	0.08333	0.08333	0.08333	0.0	0.0	0.0	0.0	0.0	0.0	0.16667	0.0	0.0	0.0	0.0	0.0	0.0	0.0	
Target_440	SL2 RNA	0.05882	0.0	0.0	0.05882	0.05882	0.0	0.0	0.0	0.23529	0.0	0.05882	0.0	0.0	0.0	0.05882	0.05882	0.17647	0.0	0.0	0.0	0.05882	0.0	0.0	0.0	0.0	0.11765	0.0	0.0	0.0	0.0	0.0	0.05882	
Target_441	U15C,U16C SLI_mutant	0.15625	0.0	0.0625	0.0	0.0	0.0	0.09375	0.0	0.0	0.09375	0.0	0.0	0.0625	0.0	0.0	0.0625	0.0	0.0625	0.09375	0.0	0.09375	0.0	0.03125	0.0	0.15625	0.0	0.0	0.0	0.0	0.0	0.03125	0.0	
Target_442	G17A,G18A SLI_mutant	0.15625	0.0	0.0625	0.0	0.0	0.0	0.09375	0.0625	0.0	0.09375	0.0	0.0	0.0625	0.0	0.0	0.0	0.0	0.03125	0.0625	0.0	0.09375	0.0	0.03125	0.0	0.15625	0.03125	0.03125	0.0	0.0	0.0	0.03125	0.0	
Target_443	C19U,G20A SLI_mutant	0.15625	0.0	0.0625	0.0	0.03125	0.0	0.09375	0.0	0.0	0.09375	0.0	0.0	0.03125	0.0	0.0	0.0625	0.0	0.03125	0.0625	0.0	0.09375	0.0	0.0	0.0	0.15625	0.03125	0.03125	0.0	0.0	0.0	0.0625	0.0	
Target_444	G21A,A22G SLI_mutant	0.1875	0.0	0.0625	0.0	0.0	0.0	0.03125	0.03125	0.03125	0.0625	0.0	0.0	0.03125	0.0	0.03125	0.0625	0.09375	0.0	0.0	0.0	0.03125	0.0	0.0	0.09375	0.1875	0.0	0.0	0.0	0.0	0.0	0.0	0.0625	
Target_445	TS mRNA Construct_4	0.0	0.0	0.0	0.0	0.0	0.0	0.0	0.03226	0.25806	0.03226	0.0	0.0	0.06452	0.0	0.0	0.03226	0.22581	0.06452	0.03226	0.06452	0.0	0.0	0.03226	0.06452	0.03226	0.0	0.0	0.0	0.03226	0.0	0.0	0.03226	
Target_446	TS mRNA Construct_5	0.04167	0.0	0.0	0.0	0.0	0.0	0.0	0.0	0.20833	0.0	0.0	0.0	0.125	0.0	0.04167	0.0	0.20833	0.125	0.0	0.08333	0.0	0.0	0.0	0.04167	0.04167	0.0	0.04167	0.0	0.0	0.0	0.0	0.04167	
