Target_RNA_ID	Target_RNA_name	AA	AG	AC	AU	GA	GG	GC	GU	CA	CG	CC	CU	UA	UG	UC	UU
Target_159	Pri-miR-96 RNAC  (UU loop mutant to AU basepair)	0.1	0.1	0.025	0.075	0.1	0.1	0.025	0.05	0.025	0.05	0.025	0.0	0.075	0.025	0.025	0.075
Target_160	Pri-miR-96 RNA1 (Drosha processing site only)	0.05	0.1	0.025	0.1	0.1	0.1	0.025	0.05	0.025	0.05	0.025	0.0	0.1	0.025	0.025	0.05
Target_161	Pri-miR-96 RNA2 (desired GG loop only)	0.075	0.1	0.05	0.025	0.125	0.125	0.025	0.075	0.025	0.075	0.025	0.0	0.025	0.05	0.025	0.05
Target_162	Pri-miR-96 RNA3 (both the Drosha target site and adjacent target site)	0.04348	0.08696	0.04348	0.08696	0.1087	0.1087	0.02174	0.06522	0.02174	0.06522	0.02174	0.0	0.08696	0.04348	0.02174	0.04348
Target_163	Pri-miR-96 RNA4 (GG to GC loop mutation)	0.04348	0.08696	0.04348	0.08696	0.1087	0.08696	0.02174	0.06522	0.02174	0.08696	0.02174	0.0	0.08696	0.02174	0.04348	0.04348
Target_164	Pri-miR-96 RNA5 (UU loop mutant to UA loop)	0.06522	0.08696	0.04348	0.06522	0.1087	0.1087	0.02174	0.06522	0.02174	0.06522	0.02174	0.0	0.06522	0.04348	0.02174	0.04348
Target_165	Pri-miR-96 AT-rich DNA hairpin	0.07143	0.0	0.0	0.07143	0.07143	0.0	0.14286	0.03571	0.0	0.28571	0.0	0.0	0.0	0.0	0.10714	0.14286
Target_202	5'UUU/3'AUA, miR-96 Precursor Processing Site	0.03846	0.03846	0.02564	0.07692	0.03846	0.03846	0.10256	0.05128	0.08974	0.02564	0.03846	0.07692	0.02564	0.12821	0.0641	0.0641
Target_203	5'CGAUUU/3'GGUAUA, Expanded miR-96 Precursor Processing Site	0.03846	0.03846	0.02564	0.07692	0.03846	0.03846	0.10256	0.05128	0.08974	0.02564	0.03846	0.07692	0.02564	0.12821	0.0641	0.0641
Target_227	Pre-miR-210	0.0	0.05	0.1	0.0	0.05	0.01667	0.15	0.05	0.1	0.06667	0.11667	0.08333	0.0	0.13333	0.0	0.0
Target_265	miR-21 hairpin	0.06897	0.0	0.06897	0.06897	0.06897	0.06897	0.03448	0.06897	0.06897	0.0	0.03448	0.06897	0.0	0.13793	0.06897	0.06897
Target_266	Pre-miR-372	0.04478	0.0597	0.04478	0.0597	0.07463	0.04478	0.07463	0.08955	0.07463	0.02985	0.02985	0.0597	0.01493	0.13433	0.0597	0.02985
Target_267	Pre-miR-373	0.04348	0.01449	0.02899	0.04348	0.04348	0.08696	0.04348	0.07246	0.01449	0.02899	0.02899	0.08696	0.02899	0.10145	0.07246	0.08696
Target_268	Pri-miR-515 drosha site (RNA 1)	0.1087	0.08696	0.02174	0.08696	0.08696	0.08696	0.02174	0.04348	0.02174	0.04348	0.02174	0.02174	0.08696	0.02174	0.04348	0.08696
Target_269	Pri-miR-885 drosha site (RNA 2)	0.06522	0.1087	0.02174	0.06522	0.1087	0.08696	0.04348	0.04348	0.02174	0.06522	0.02174	0.02174	0.06522	0.02174	0.04348	0.06522
Target_270	Pri-miR-515 (RNA 3)	0.08696	0.08696	0.02174	0.1087	0.08696	0.08696	0.02174	0.04348	0.04348	0.04348	0.02174	0.0	0.08696	0.02174	0.04348	0.08696
Target_271	Pri-miR-515 and the adjacent RNA motif (RNA 4)	0.07692	0.09615	0.01923	0.07692	0.07692	0.07692	0.03846	0.05769	0.03846	0.05769	0.01923	0.01923	0.07692	0.01923	0.05769	0.09615
Target_282	Oligonucleotide 3	0.04651	0.02326	0.09302	0.06977	0.09302	0.04651	0.02326	0.06977	0.09302	0.04651	0.04651	0.06977	0.0	0.13953	0.06977	0.04651
Target_283	Oligonucleotide 4	0.06977	0.02326	0.06977	0.09302	0.09302	0.04651	0.02326	0.06977	0.09302	0.04651	0.04651	0.04651	0.0	0.13953	0.06977	0.04651
Target_301	miR-21 WT	0.08	0.0	0.08	0.08	0.08	0.04	0.04	0.08	0.08	0.0	0.0	0.08	0.0	0.16	0.08	0.08
Target_302	miR-21 BP	0.11111	0.0	0.07407	0.07407	0.07407	0.03704	0.0	0.11111	0.07407	0.0	0.0	0.07407	0.0	0.14815	0.11111	0.07407
Target_303	miR-21 A bulge	0.11111	0.0	0.07407	0.07407	0.07407	0.03704	0.0	0.11111	0.07407	0.0	0.0	0.07407	0.0	0.14815	0.11111	0.07407
Target_304	miR-21 U bulge	0.07692	0.0	0.07692	0.07692	0.07692	0.03846	0.0	0.11538	0.07692	0.0	0.0	0.07692	0.0	0.15385	0.11538	0.07692
Target_305	miR-21 G-A	0.08	0.04	0.08	0.08	0.08	0.0	0.04	0.08	0.08	0.0	0.0	0.08	0.04	0.12	0.08	0.08
Target_312	Pre-miR-377 dicer processing site	0.06452	0.04839	0.04839	0.06452	0.04839	0.04839	0.06452	0.06452	0.08065	0.01613	0.01613	0.04839	0.03226	0.09677	0.03226	0.12903
Target_313	Pre-miR-377 5′-G_G/3′-CAC bulge	0.06452	0.04839	0.04839	0.06452	0.04839	0.04839	0.06452	0.06452	0.08065	0.01613	0.01613	0.04839	0.03226	0.09677	0.03226	0.12903
Target_316	miR-17 Dicer site	0.0	0.06452	0.06452	0.09677	0.03226	0.03226	0.09677	0.12903	0.09677	0.0	0.0	0.06452	0.09677	0.16129	0.03226	0.0
Target_317	miR-17 G-bulge	0.0	0.06452	0.06452	0.09677	0.03226	0.03226	0.09677	0.12903	0.09677	0.0	0.0	0.06452	0.09677	0.16129	0.03226	0.0
Target_318	miR-17 U-bulge	0.0	0.0625	0.0625	0.09375	0.03125	0.03125	0.09375	0.125	0.09375	0.0	0.03125	0.0625	0.09375	0.15625	0.03125	0.0
Target_319	miR-17 Base pairing control	0.0	0.06061	0.06061	0.12121	0.06061	0.0303	0.09091	0.09091	0.09091	0.0	0.0303	0.06061	0.09091	0.15152	0.0303	0.0
Target_320	miR-18a Dicer site	0.0303	0.15152	0.0303	0.09091	0.09091	0.0303	0.09091	0.06061	0.09091	0.0	0.0	0.06061	0.12121	0.09091	0.0303	0.0
Target_321	R-Seq1	0.01351	0.04054	0.01351	0.04054	0.04054	0.14865	0.02703	0.14865	0.04054	0.02703	0.01351	0.05405	0.02703	0.13514	0.08108	0.08108
Target_322	R-Seq2	0.01316	0.03947	0.01316	0.03947	0.03947	0.13158	0.02632	0.15789	0.03947	0.02632	0.01316	0.05263	0.02632	0.14474	0.07895	0.09211
Target_323	R-Seq3	0.01316	0.05263	0.01316	0.03947	0.05263	0.13158	0.02632	0.14474	0.03947	0.02632	0.01316	0.05263	0.02632	0.13158	0.07895	0.09211
Target_324	R-Seq4	0.01667	0.06667	0.01667	0.05	0.06667	0.06667	0.05	0.08333	0.05	0.01667	0.01667	0.08333	0.03333	0.1	0.08333	0.1
Target_325	Pre-miR-33a	0.01613	0.03226	0.04839	0.09677	0.01613	0.03226	0.06452	0.12903	0.12903	0.01613	0.03226	0.01613	0.03226	0.14516	0.06452	0.08065
Target_326	Pre-miR-33a-G31A	0.01613	0.04839	0.04839	0.09677	0.01613	0.01613	0.06452	0.12903	0.12903	0.01613	0.03226	0.01613	0.04839	0.12903	0.06452	0.08065
Target_327	Pre-miR-33a-G32A	0.01613	0.03226	0.04839	0.1129	0.03226	0.01613	0.06452	0.1129	0.12903	0.01613	0.03226	0.01613	0.03226	0.14516	0.06452	0.08065
Target_328	Pre-miR-24-2	0.0339	0.10169	0.10169	0.0	0.05085	0.05085	0.0678	0.08475	0.11864	0.0	0.01695	0.08475	0.0339	0.11864	0.0339	0.05085
Target_331	Pre-miR-17/18a/20a	0.0339	0.05085	0.0678	0.08475	0.08475	0.0339	0.05085	0.0678	0.08475	0.01695	0.01695	0.08475	0.0339	0.13559	0.0678	0.05085
