Target_RNA_ID	Target_RNA_name	AA	AG	AC	AU	GA	GG	GC	GU	CA	CG	CC	CU	UA	UG	UC	UU
Target_20	RNA_Str_HIV-2 TAR	0.0	0.1	0.0	0.03333	0.1	0.1	0.13333	0.0	0.03333	0.0	0.1	0.13333	0.0	0.1	0.06667	0.03333
Target_19	HIV-1 TAR RNA	0.0	0.10345	0.0	0.03448	0.10345	0.06897	0.13793	0.0	0.03448	0.0	0.06897	0.17241	0.0	0.10345	0.10345	0.0
Target_66	HCV IRES Domain II	0.03448	0.10345	0.0	0.0	0.06897	0.10345	0.10345	0.13793	0.0	0.10345	0.06897	0.0	0.03448	0.06897	0.03448	0.03448
Target_80	HIV-1 RRE	0.0303	0.06061	0.07576	0.07576	0.04545	0.04545	0.10606	0.07576	0.09091	0.06061	0.0303	0.04545	0.07576	0.09091	0.0303	0.0303
Target_109	HIV-1FRAMESHIFT STEM LOOP STRUCTURE	0.07692	0.09615	0.01923	0.03846	0.07692	0.09615	0.03846	0.0	0.05769	0.0	0.05769	0.05769	0.01923	0.01923	0.05769	0.13462
Target_146	SL-3 of HIV-1_SITE	0.04237	0.12712	0.04237	0.01695	0.13559	0.11017	0.11864	0.04237	0.01695	0.11017	0.00847	0.05085	0.02542	0.05932	0.01695	0.02542
Target_81	RRE1	0.0	0.03448	0.06897	0.0	0.0	0.13793	0.17241	0.06897	0.06897	0.10345	0.03448	0.06897	0.03448	0.06897	0.03448	0.03448
Target_82	RRE2	0.0	0.03846	0.07692	0.0	0.0	0.03846	0.15385	0.07692	0.11538	0.11538	0.07692	0.07692	0.0	0.03846	0.11538	0.03846
Target_83	RRE3	0.0	0.03571	0.03571	0.0	0.0	0.10714	0.21429	0.03571	0.07143	0.10714	0.07143	0.07143	0.0	0.07143	0.03571	0.03571
Target_84	RRE4	0.0	0.03571	0.07143	0.0	0.03571	0.14286	0.17857	0.03571	0.07143	0.10714	0.03571	0.07143	0.0	0.07143	0.03571	0.03571
Target_85	RRE5	0.0	0.03571	0.07143	0.0	0.0	0.10714	0.21429	0.03571	0.10714	0.10714	0.03571	0.07143	0.0	0.07143	0.03571	0.03571
Target_86	RRE6	0.0	0.03571	0.07143	0.0	0.03571	0.14286	0.17857	0.03571	0.07143	0.10714	0.07143	0.07143	0.0	0.07143	0.03571	0.03571
Target_87	RRE7	0.0	0.03571	0.03571	0.0	0.0	0.14286	0.21429	0.03571	0.07143	0.10714	0.07143	0.07143	0.0	0.07143	0.03571	0.03571
Target_88	RRE8	0.0	0.03448	0.06897	0.0	0.03448	0.10345	0.17241	0.06897	0.06897	0.10345	0.06897	0.06897	0.0	0.10345	0.03448	0.03448
Target_89	RRE9	0.0	0.06897	0.03448	0.0	0.03448	0.10345	0.2069	0.03448	0.06897	0.10345	0.06897	0.06897	0.0	0.06897	0.03448	0.03448
Target_90	RRE10	0.0	0.03448	0.06897	0.0	0.0	0.10345	0.2069	0.03448	0.10345	0.10345	0.06897	0.06897	0.0	0.06897	0.03448	0.03448
Target_91	RRE11	0.03333	0.03333	0.06667	0.0	0.0	0.1	0.2	0.03333	0.1	0.1	0.06667	0.06667	0.0	0.06667	0.03333	0.03333
Target_92	RRE12	0.03226	0.03226	0.06452	0.0	0.0	0.09677	0.19355	0.03226	0.09677	0.09677	0.06452	0.06452	0.0	0.06452	0.03226	0.03226
Target_93	RRE13	0.0625	0.03125	0.0625	0.0	0.0	0.09375	0.1875	0.03125	0.09375	0.09375	0.0625	0.0625	0.0	0.0625	0.03125	0.03125
Target_94	RRE14	0.0	0.03333	0.03333	0.0	0.0	0.13333	0.23333	0.03333	0.06667	0.13333	0.06667	0.06667	0.0	0.06667	0.03333	0.03333
Target_95	RRE15	0.0	0.03333	0.03333	0.0	0.0	0.1	0.2	0.03333	0.06667	0.1	0.06667	0.1	0.0	0.06667	0.06667	0.06667
Target_130	Coxsackie virus B3 RNA	0.0	0.02632	0.07895	0.02632	0.0	0.07895	0.10526	0.07895	0.05263	0.05263	0.05263	0.10526	0.07895	0.07895	0.05263	0.02632
Target_131	Polio virus loop B construct	0.0	0.0	0.11765	0.0	0.0	0.11765	0.0	0.11765	0.05882	0.0	0.17647	0.0	0.05882	0.05882	0.0	0.05882
Target_188	HIV-1 FSS	0.09091	0.09091	0.04545	0.0	0.04545	0.13636	0.09091	0.0	0.09091	0.0	0.13636	0.04545	0.0	0.0	0.04545	0.04545
Target_67	HCV IRES IIa 40-mer	0.02532	0.10127	0.03797	0.02532	0.05063	0.03797	0.07595	0.10127	0.06329	0.05063	0.06329	0.08861	0.05063	0.08861	0.07595	0.02532
Target_68	HCV IRES RNA	0.03704	0.11111	0.11111	0.0	0.14815	0.07407	0.07407	0.03704	0.03704	0.03704	0.03704	0.11111	0.03704	0.07407	0.03704	0.0
Target_217	Influenza RNA promoter	0.0625	0.09375	0.03125	0.0	0.0625	0.0625	0.125	0.03125	0.03125	0.03125	0.03125	0.125	0.03125	0.0625	0.03125	0.09375
Target_218	SARS-Pseudoknot Construct	0.0303	0.06061	0.07576	0.0303	0.0303	0.06061	0.10606	0.10606	0.07576	0.10606	0.0303	0.04545	0.06061	0.07576	0.0303	0.01515
Target_219	HCV IRES-A	0.0	0.22222	0.0	0.0	0.27778	0.33333	0.0	0.0	0.0	0.0	0.0	0.0	0.0	0.0	0.0	0.0
Target_220	HCV IRES-A 1 Mutant	0.0	0.16667	0.0	0.05556	0.27778	0.11111	0.0	0.11111	0.0	0.0	0.0	0.0	0.0	0.22222	0.0	0.0
Target_222	HCV IRES-A DNA	0.0	0.11111	0.05556	0.0	0.05556	0.05556	0.0	0.05556	0.05556	0.0	0.05556	0.16667	0.05556	0.05556	0.11111	0.05556
Target_257	IRES RNA G-quadruplex	0.0	0.22222	0.0	0.0	0.27778	0.33333	0.0	0.0	0.0	0.0	0.0	0.0	0.0	0.0	0.0	0.0
Target_329	EV71 SLII RNA	0.02439	0.07317	0.07317	0.09756	0.04878	0.07317	0.04878	0.07317	0.14634	0.0	0.07317	0.02439	0.04878	0.07317	0.07317	0.02439
Target_373	CVB loop D RNA	0.0	0.02632	0.07895	0.02632	0.0	0.07895	0.10526	0.07895	0.05263	0.05263	0.05263	0.10526	0.07895	0.07895	0.05263	0.02632
Target_374	Polio virus loop B RNA	0.0	0.0	0.15789	0.0	0.0	0.10526	0.0	0.10526	0.10526	0.0	0.15789	0.0	0.05263	0.05263	0.0	0.05263
Target_408	HCV IRES Domain Iib	0.02083	0.10417	0.02083	0.04167	0.04167	0.02083	0.08333	0.125	0.0625	0.08333	0.02083	0.0625	0.0625	0.08333	0.08333	0.04167
Target_409	HIV protease active site (PAS) mRNA	0.09756	0.12195	0.02439	0.04878	0.07317	0.07317	0.09756	0.02439	0.09756	0.02439	0.07317	0.04878	0.04878	0.02439	0.04878	0.02439
Target_431	FSS_mutant_1	0.09091	0.09091	0.04545	0.0	0.04545	0.13636	0.09091	0.0	0.04545	0.0	0.13636	0.09091	0.04545	0.0	0.04545	0.04545
Target_432	FSS_mutant_2	0.09091	0.04545	0.09091	0.0	0.09091	0.13636	0.0	0.0	0.04545	0.09091	0.13636	0.04545	0.0	0.0	0.04545	0.04545
Target_433	FSS_mutant_3	0.09091	0.09091	0.0	0.0	0.04545	0.13636	0.13636	0.0	0.04545	0.04545	0.13636	0.04545	0.0	0.0	0.04545	0.04545
Target_434	FSS_mutant_4	0.04545	0.04545	0.04545	0.0	0.04545	0.13636	0.09091	0.0	0.04545	0.04545	0.22727	0.04545	0.0	0.0	0.04545	0.04545
Target_435	FSS_mutant_5	0.0	0.0	0.0	0.0	0.0	0.02778	0.30556	0.0	0.0	0.05556	0.02778	0.27778	0.0	0.27778	0.0	0.0
Target_447	RRE16	0.0	0.06897	0.03448	0.0	0.03448	0.13793	0.17241	0.06897	0.03448	0.13793	0.03448	0.06897	0.03448	0.03448	0.06897	0.03448
Target_448	RRE17	0.0	0.03448	0.06897	0.0	0.0	0.10345	0.17241	0.10345	0.06897	0.10345	0.03448	0.06897	0.03448	0.10345	0.03448	0.03448
Target_449	RRE18	0.0	0.03448	0.06897	0.0	0.0	0.10345	0.2069	0.06897	0.06897	0.13793	0.03448	0.06897	0.03448	0.06897	0.03448	0.03448
Target_450	RRE19	0.0	0.03333	0.13333	0.0	0.06667	0.1	0.1	0.06667	0.06667	0.06667	0.03333	0.1	0.03333	0.1	0.03333	0.03333
Target_451	RRE20	0.0	0.03333	0.1	0.0	0.03333	0.13333	0.13333	0.06667	0.06667	0.1	0.06667	0.06667	0.03333	0.06667	0.03333	0.03333
Target_452	RRE21	0.0	0.06667	0.06667	0.03333	0.06667	0.13333	0.1	0.06667	0.06667	0.03333	0.03333	0.06667	0.03333	0.1	0.03333	0.03333
Target_453	RRE22	0.0	0.03333	0.1	0.0	0.03333	0.13333	0.1	0.06667	0.06667	0.06667	0.03333	0.1	0.03333	0.06667	0.06667	0.03333
