Target_RNA_ID	Target_RNA_name	AA	AG	AC	AU	GA	GG	GC	GU	CA	CG	CC	CU	UA	UG	UC	UU
Target_69	ADENINE RIBOSWITCH	0.04478	0.01493	0.0597	0.1194	0.04478	0.0597	0.0597	0.07463	0.0597	0.08955	0.0597	0.01493	0.08955	0.0597	0.0597	0.02985
Target_70	Riboswitch	0.0495	0.05941	0.0297	0.08416	0.07426	0.05446	0.07426	0.06436	0.05446	0.07426	0.05446	0.05446	0.0495	0.07426	0.07921	0.0396
Target_74	Guanine riboswitch	0.04478	0.01493	0.07463	0.10448	0.04478	0.0597	0.0597	0.07463	0.0597	0.08955	0.0597	0.02985	0.08955	0.0597	0.0597	0.01493
Target_71	S_Adenosyl_methionine_riboswitch	0.07447	0.08511	0.04255	0.05319	0.11702	0.08511	0.07447	0.03191	0.06383	0.04255	0.06383	0.03191	0.01064	0.08511	0.02128	0.03191
Target_72	thiamine_BOX_Riboswitch	0.05	0.0625	0.0375	0.0625	0.0875	0.075	0.0625	0.0625	0.025	0.05	0.05	0.075	0.05	0.0875	0.0625	0.025
Target_73	B_subtilis_pbuE _Adenine riboswitch	0.12857	0.02857	0.05714	0.11429	0.05714	0.05714	0.0	0.07143	0.04286	0.01429	0.05714	0.04286	0.11429	0.07143	0.04286	0.04286
Target_36	FMN RIBOSWITCH APTAMER	0.02857	0.08571	0.05714	0.05714	0.08571	0.11429	0.11429	0.05714	0.05714	0.08571	0.02857	0.02857	0.05714	0.05714	0.02857	0.02857
Target_75	PreQ1_riboswitch_Fusobacterium	0.09459	0.06757	0.04054	0.05405	0.02703	0.02703	0.05405	0.05405	0.04054	0.0	0.02703	0.08108	0.08108	0.06757	0.02703	0.10811
Target_37	TPP RIBOSWITCH APTAMER	0.07	0.1	0.07	0.03	0.08	0.07	0.03	0.08	0.05	0.01	0.04	0.07	0.07	0.07	0.04	0.05
Target_38	LYSINE RIBOSWITCH APTAMER	0.08368	0.07113	0.00837	0.1046	0.08787	0.04603	0.05439	0.04603	0.04184	0.02929	0.0251	0.05021	0.05439	0.08368	0.05858	0.0795
Target_76	B.subtilis tenA TPP riboswitch	0.07	0.1	0.07	0.03	0.08	0.07	0.03	0.08	0.05	0.01	0.04	0.07	0.07	0.07	0.04	0.05
Target_77	B.subtilis tenA FMN riboswitch	0.06667	0.09091	0.03636	0.06061	0.09697	0.07879	0.06061	0.06667	0.04848	0.05455	0.03636	0.02424	0.04242	0.07879	0.0303	0.03636
Target_78	B.subtilis lysine riboswitch	0.08368	0.07113	0.00837	0.1046	0.08787	0.04603	0.05439	0.04603	0.04184	0.02929	0.0251	0.05021	0.05439	0.08368	0.05858	0.0795
Target_189	165 ribD FMN Riboswitch Aptamer, B. subtilis	0.06667	0.09091	0.03636	0.06061	0.09697	0.07879	0.06061	0.06667	0.04848	0.05455	0.03636	0.02424	0.04242	0.07879	0.0303	0.03636
Target_190	FMN Riboswitch Aptamer, E. Coli	0.05357	0.08036	0.03571	0.07143	0.11607	0.07143	0.01786	0.07143	0.03571	0.04464	0.04464	0.02679	0.03571	0.07143	0.0625	0.0625
Target_191	FMN Riboswitch Aptamer SA1, S. Aureus	0.07469	0.06639	0.0249	0.10788	0.07054	0.03734	0.04149	0.05809	0.03734	0.02905	0.0249	0.04979	0.09129	0.07469	0.04979	0.07469
Target_192	FMN Riboswitch Aptamer SA2, S. Aureus	0.05729	0.08333	0.02083	0.09896	0.08854	0.05729	0.03646	0.06771	0.03125	0.03125	0.03646	0.05729	0.07812	0.07812	0.0625	0.0625
Target_193	FMN Riboswitch, S. Davawensis	0.03311	0.06623	0.0596	0.01325	0.07285	0.11258	0.09272	0.07285	0.04636	0.13245	0.08609	0.01987	0.01987	0.03974	0.04636	0.03311
Target_194	TPP Riboswitch, B. Subtilis	0.07	0.1	0.07	0.03	0.08	0.07	0.03	0.08	0.05	0.01	0.04	0.07	0.07	0.07	0.04	0.05
Target_195	108 nt yjdF Riboswitch Construct, B. subtilis, Mutant 1	0.06481	0.02778	0.03704	0.12037	0.06481	0.0463	0.00926	0.07407	0.0463	0.03704	0.05556	0.05556	0.07407	0.07407	0.09259	0.05556
Target_228	C. difficile guaA riboswitch	0.04412	0.01471	0.05882	0.11765	0.04412	0.07353	0.05882	0.07353	0.05882	0.08824	0.04412	0.02941	0.08824	0.05882	0.07353	0.01471
Target_229	lysC riboswitch	0.08368	0.07113	0.00837	0.10879	0.08787	0.04603	0.05439	0.04184	0.04184	0.02929	0.0251	0.05021	0.05858	0.0795	0.05858	0.0795
Target_230	lysC riboswitch mutant 1 (M2)	0.08403	0.07143	0.0084	0.10504	0.08824	0.04622	0.05462	0.04622	0.04202	0.02941	0.02521	0.05042	0.05462	0.08403	0.05882	0.07983
Target_352	Fusibacterium ulcerans ZTP riboswitch	0.08	0.02667	0.10667	0.10667	0.10667	0.04	0.02667	0.05333	0.05333	0.08	0.04	0.02667	0.08	0.09333	0.02667	0.02667
Target_405	B.subtilis cysH	0.07927	0.06098	0.03659	0.06098	0.06098	0.04268	0.06707	0.04268	0.04878	0.02439	0.04878	0.07927	0.04878	0.07927	0.04878	0.07927
Target_406	B.anthracis cysH	0.10625	0.0875	0.025	0.08125	0.0875	0.0625	0.0625	0.01875	0.04375	0.0375	0.03125	0.04375	0.0625	0.0375	0.0375	0.075
Target_412	Tetracycline riboswitch A08G mutant	0.05634	0.08451	0.08451	0.05634	0.09859	0.05634	0.07042	0.01408	0.05634	0.05634	0.08451	0.07042	0.07042	0.02817	0.04225	0.01408
Target_413	Tetracycline riboswitch A09G mutant	0.05634	0.08451	0.08451	0.05634	0.09859	0.05634	0.07042	0.01408	0.05634	0.05634	0.08451	0.07042	0.07042	0.02817	0.04225	0.01408
Target_414	Tetracycline riboswitch A13U mutant	0.07042	0.07042	0.07042	0.05634	0.08451	0.05634	0.07042	0.01408	0.05634	0.05634	0.08451	0.07042	0.05634	0.02817	0.05634	0.02817
Target_415	Tetracycline riboswitch A50U mutant	0.05634	0.05634	0.08451	0.07042	0.08451	0.05634	0.07042	0.01408	0.05634	0.05634	0.08451	0.07042	0.07042	0.04225	0.04225	0.01408
Target_416	Tetracycline riboswitch G51U mutant	0.07042	0.05634	0.08451	0.07042	0.07042	0.05634	0.07042	0.01408	0.05634	0.05634	0.08451	0.07042	0.08451	0.02817	0.04225	0.01408
Target_417	Tetracycline riboswitch U54G mutant	0.07042	0.08451	0.08451	0.04225	0.09859	0.05634	0.07042	0.01408	0.05634	0.05634	0.08451	0.07042	0.05634	0.02817	0.04225	0.01408
Target_418	Tetracycline riboswitch A55G mutant	0.07042	0.07042	0.07042	0.05634	0.08451	0.05634	0.08451	0.01408	0.05634	0.05634	0.08451	0.07042	0.05634	0.04225	0.04225	0.01408
Target_411	Tetracycline riboswitch	0.07042	0.07042	0.08451	0.05634	0.08451	0.05634	0.07042	0.01408	0.05634	0.05634	0.08451	0.07042	0.07042	0.02817	0.04225	0.01408
